(
(
(
YP_005352870:0
,
AFD29233:0
):0.302023
,
(
(
YP_005352862:0
,
AFD29225:0
):0.279442
,
(
(
YP_005352880:0
,
AFD29243:0
):0.15833
,
(
(
(
(
(
YP_005352845:0
,
AFD29208:0
):0.0296344
,
(
(
AWV96586:0.00424844
,
(
AWV96579:0.0028323
,
(
AWV96572:0.00103718
,
AWV96565:0.00103718
):0.00179512
):0.00141615
):0.00759969
,
(
(
QHI08610:0.00347333
,
(
AMN91620:0.00023954
,
AMN91669:0.00023954
):0.00323379
):0.00465368
,
(
(
QDP14510:0.000239425
,
QDF21517:0.000239425
):0.00673728
,
(
QGZ00524:0.00612827
,
(
(
AKQ63082:0.00315394
,
(
(
QDP14517:0
,
QCO76962:0
):0.00207502
,
(
QDH76186:0.000957702
,
QDH76194:0.000957702
):0.00111732
):0.00107892
):0.00133454
,
(
(
ATV90806:0.00315645
,
(
ASS83085:0.00229398
,
(
(
ANI85838:0.000598372
,
(
ANI85845:0.000239349
,
ANI85824:0.000239349
):0.000359023
):0.000596907
,
(
(
AQT34129:0
,
AQT34135:0
):0.00125482
,
(
(
(
AWG96871:0
,
AWG96864:0
):0.000239349
,
(
(
ARJ31773:0
,
AKA97936:0
):0
,
AIP90484:0
):0.000239349
):0.000799602
,
(
AML40880:0.000861212
,
(
AML40901:0.000794947
,
(
AML40894:0.000811969
,
(
AML40603:0.000641106
,
(
(
AML40887:0.000159566
,
AIH06856:0.000159566
):0.000375849
,
(
ALJ32184:0.000592132
,
(
ANI85831:0.000506109
,
(
AIA60986:0.000453736
,
(
AIA60972:0.000428463
,
(
AML40852:0.000358905
,
(
(
AIA61000:0.000119674
,
(
AML40873:7.9783e-05
,
AML40866:7.9783e-05
):3.98915e-05
):0.00015933
,
(
(
AIB07806:7.9783e-05
,
AIA60979:7.9783e-05
):0.00016408
,
(
AIA99517:0.000318187
,
(
(
AIB07799:0
,
AHL45013:0
):0.000197568
,
(
AIB07792:0.00023557
,
(
AIB07791:0.000311574
,
(
AML40817:0.000304017
,
(
(
AML40838:0
,
AML40845:0
):0.000288902
,
(
AML40803:0.000258671
,
(
(
AML40796:7.9783e-05
,
AML40789:7.9783e-05
):0.000118428
,
(
AHN16219:0.000157073
,
(
AHN16226:0.00015458
,
(
(
AML40824:0
,
AML40831:0
):0.000149593
,
(
AML40859:0.00013962
,
(
AML40810:0.000119674
,
(
(
AML40782:0
,
AML40775:0
):7.9783e-05
,
(
(
AIT11906:0
,
AIA60993:0
):0
,
AHM88398:0
):7.9783e-05
):3.98915e-05
):1.99458e-05
):9.97286e-06
):4.98645e-06
):2.49321e-06
):4.11381e-05
):6.04605e-05
):3.02303e-05
):1.51151e-05
):7.55757e-06
):-7.60042e-05
):-3.80021e-05
):0.000120619
):-7.43242e-05
):3.51412e-05
):7.99011e-05
):6.95575e-05
):2.52734e-05
):5.23723e-05
):8.60234e-05
):-5.6717e-05
):0.000105691
):0.000170863
):-1.70223e-05
):6.62653e-05
):0.000177739
):0.000215868
):-5.95402e-05
):0.0010987
):0.000862465
):0.0011218
,
(
(
QFU80839:0.00155626
,
(
AVZ61080:0.00103751
,
(
AUH28256:0.000478851
,
ASR75147:0.000478851
):0.000558659
):0.000518755
):0.00244777
,
(
(
AKC54427:0.00167544
,
AFD29186:0.00167544
):0.00183916
,
(
AUG59154:0.00420186
,
(
AUG59162:0.00402705
,
(
(
ASK86340:0.00129647
,
(
ASK86333:0.00103718
,
(
QBQ34487:0.00079783
,
(
QBQ34480:0.000638264
,
QBQ34494:0.000638264
):0.000159566
):0.000239349
):0.000259295
):0.00204107
,
(
(
ASR75138:0.00111696
,
ALS54085:0.00111696
):0.00225852
,
(
ASY98686:0.00361908
,
(
ATJ00129:0.00387172
,
(
ALD83755:0.00277981
,
(
APG38196:0.00297598
,
(
(
ANA78463:0.000119674
,
(
(
ANA78449:0
,
ANA78442:0
):7.9783e-05
,
ANA78456:7.9783e-05
):3.98915e-05
):0.00232119
,
(
AKC54441:0.00183501
,
(
AML83915:0.00181506
,
(
(
AVR48517:0.000558481
,
ATV90795:0.000558481
):0.00107707
,
(
ALA13744:0.00175523
,
(
(
YP_009513020:0
,
AFD29193:0
):0.00143609
,
(
AYP31077:0.000957396
,
AKC54434:0.000957396
):0.000478698
):0.000319132
):-0.000119674
):0.000179512
):1.99457e-05
):0.000605852
):0.000535122
):-0.000196171
):0.00109191
):-0.00025264
):-0.000243602
):-3.79318e-05
):0.0006895
):0.000174817
):-0.000687265
):0.000489437
):0.000274213
):0.000210236
):0.00163978
):0.000848441
):0.0011503
):0.00372113
):0.0177862
):0.0146234
,
(
AXP20280:0.0311376
,
(
AWV67133:0.00631192
,
(
(
AWV67106:0
,
AWV67115:0
):0.00439367
,
AWV67124:0.00439367
):0.00191825
):0.0248257
):0.0131201
):0.0707924
,
(
(
YP_005352853:0
,
AFD29216:0
):0.0580521
,
(
YP_002308505:0
,
ACJ12061:0
):0.0580521
):0.056998
):0.024923
,
(
(
YP_005352837:0
,
AFD29200:0
):0.107195
,
(
(
YP_002308496:0
,
ACJ12052:0
):0.0832268
,
(
(
YP_002308478:0
,
ACJ12034:0
):0.00343341
,
ACJ12043:0.00343341
):0.0797934
):0.0239681
):0.0327783
):0.018357
):0.121112
):0.0225812
):0.0911448
,
(
(
(
(
YP_001876435:0
,
ABW87819:0
):0.00694132
,
(
AHB63480:0.00161339
,
(
AHB63507:0.00112562
,
AHB63494:0.00112562
):0.000487768
):0.00532793
):0.327183
,
(
QCB65096:0.242052
,
(
AKF17722:0.148689
,
(
(
ARS23151:0.0551886
,
(
AKV63203:0.0550949
,
(
(
(
ACV87266:0.0202877
,
ABW75124:0.0202877
):0.00857812
,
(
(
ACV87243:0.0180412
,
(
YP_001941164:0.000227204
,
ABW81426:0.000227204
):0.017814
):0.00506788
,
(
ACV87277:0.0190094
,
ACV87255:0.0190094
):0.00409973
):0.00575667
):0.00978667
,
(
(
QDQ69106:7.54945e-05
,
QDQ69119:7.54945e-05
):0.0527404
,
(
(
(
NP_066134:0.00181023
,
ADA83566:0.00181023
):0.0269841
,
(
(
QDA76326:0.0074717
,
QDA76290:0.0074717
):0.0106904
,
(
AAT70073:0.00926752
,
(
AEL12219:0.002774
,
(
AHX26171:0.00298389
,
(
AHX26063:0.00242329
,
(
ADA83556:0.00154459
,
(
ADA83546:0.000676274
,
(
ADP06506:0.000532537
,
(
QDA76308:0.000461846
,
(
AZP23928:0.000320464
,
(
QCE31531:0.000188509
,
(
AZP23939:7.54034e-05
,
ADA83576:7.54034e-05
):0.000113105
):0.000131956
):0.000141381
):7.06907e-05
):0.000143738
):0.000868317
):0.000878697
):0.000560603
):-0.000209894
):0.00649352
):0.00889461
):0.0106322
):0.0141661
,
(
ABW75136:0.0653818
,
(
AXT92414:0.0319324
,
(
(
(
AFQ31008:0.00350708
,
(
AYG86371:0.00128224
,
AYG86358:0.00128224
):0.00222483
):0.0128209
,
(
ARS22458:0.0105942
,
(
ARS22438:0.00867139
,
(
ARS22418:0.00840748
,
(
ARS22428:0.00565526
,
ARS22468:0.00565526
):0.00275222
):0.000263912
):0.00192279
):0.00573376
):0.0137261
,
(
AKC34132:0.0329363
,
(
(
ADV71773:0.00354449
,
ADV71823:0.00354449
):0.02219
,
(
(
ADV71798:0.00520519
,
ADV71811:0.00520519
):0.0200267
,
(
(
ADA83486:0.0162738
,
(
ADA83496:0.0157984
,
(
ADP06493:0.0134892
,
(
QGX07409:0.0111226
,
(
ADP06482:0.00894173
,
(
ALC78746:0.00614878
,
(
ADP06460:0.00379246
,
(
(
AVI69452:0.000302709
,
AVI69443:0.000302709
):0.000870289
,
(
ADP06472:0.00102118
,
(
ACB59361:0.000680787
,
(
QHB80052:0.000605144
,
ACB59371:0.000605144
):7.5643e-05
):0.000340393
):0.000151818
):0.00261946
):0.00235632
):0.00279295
):0.00218091
):0.00236658
):0.00230914
):0.000475405
):0.00738768
,
(
(
AYA44719:0.000263952
,
(
(
(
AYA44689:0
,
AYA44729:0
):0
,
AYA44699:0
):7.54148e-05
,
AYA44709:7.54148e-05
):0.000188537
):0.0208682
,
(
(
(
ADV71761:0.00340806
,
(
AHB79522:0.0021025
,
(
ADA83506:0.00171569
,
(
ADA83536:0.00109351
,
(
ADA83526:0.000527903
,
ADA83516:0.000527903
):0.000565611
):0.000622172
):0.000386818
):0.00130555
):0.00798471
,
(
QCX19618:0.00791855
,
ADA83476:0.00791855
):0.00347421
):0.00502324
,
(
ADV71735:0.0122154
,
AAS00078:0.0122154
):0.00420066
):0.00471618
):0.00252925
):0.00157048
):0.000502609
):0.00720173
):-0.00288216
):0.00187831
):0.0334494
):-0.0224214
):0.00985546
):-0.0141635
):0.0164424
):9.37097e-05
):-0.00170208
,
(
(
(
AQY55883:0.0300426
,
(
AFJ11175:0.0266116
,
(
(
(
QGM12414:0.000830816
,
QGM12402:0.000830816
):0.0010748
,
(
QGM12376:0.00101672
,
(
QGM12427:7.53125e-05
,
QGM12389:7.53125e-05
):0.000941407
):0.000888893
):0.0159239
,
(
(
AJT47904:0.00136335
,
(
AJP16729:0.00123629
,
(
AJT47859:0.00122802
,
(
AJT47940:0.0010921
,
(
AJT47958:0.00104009
,
(
AJT47868:0.000964448
,
(
(
AJT47841:0.000529501
,
(
AJT47949:0.000378215
,
(
AJT47913:0.000302572
,
AJP16720:0.000302572
):7.5643e-05
):0.000151286
):0.000141831
,
(
(
AJT47877:0.000302572
,
AJT47850:0.000302572
):0.000151286
,
AGY56139:0.000453858
):0.000217474
):0.000293116
):7.5643e-05
):5.20046e-05
):0.000135921
):8.2734e-06
):0.000127056
):0.00437725
,
(
AJT47886:0.00310136
,
AJP16711:0.00310136
):0.00263923
):0.0120889
):0.00878214
):0.00343103
):0.0090902
,
(
(
QDQ69132:0.0256943
,
(
QDQ69158:0.0204528
,
QDQ69145:0.0204528
):0.00524144
):0.00939575
,
(
(
ATE90979:0.000528142
,
ATE90965:0.000528142
):0.0310189
,
(
QDQ69171:0.0281005
,
(
QDQ69210:0.0219391
,
QDQ69197:0.0219391
):0.0061614
):0.0034466
):0.00354294
):0.00404283
):0.00797019
,
(
(
ACC94324:0.0331193
,
(
AVI69518:0.0148232
,
AOC59721:0.0148232
):0.0182962
):0.0163403
,
(
(
AIG54294:0.00402858
,
AIG54293:0.00402858
):0.0508617
,
(
(
(
(
AQY55829:0.019579
,
(
APZ73705:0.0165887
,
(
APX44037:0.000829438
,
APX44064:0.000829438
):0.0157593
):0.00299025
):0.00900236
,
(
(
(
AEB00723:0.0182162
,
(
QDA76245:0.0177364
,
(
(
AHB73987:0.0123649
,
(
AQY55865:0.0108264
,
(
APZ73833:0.0101485
,
(
(
APY23604:0.00603318
,
(
APZ73786:0.00263952
,
AGE13890:0.00263952
):0.00339367
):0.00220209
,
(
APV46156:0.0100679
,
(
AKS25224:0.00962596
,
(
ARB66143:0.00848174
,
(
(
AQD20745:0.00469457
,
(
APY23505:0.00241327
,
(
APY23496:0.000829563
,
APW85775:0.000829563
):0.00158371
):0.0022813
):0.00350647
,
(
APY26860:0.0089464
,
(
AZA07859:0.010461
,
(
APW85784:0.00791147
,
(
APZ73777:0.00781309
,
(
APY26735:0.00777009
,
(
(
AQY03958:0.00180968
,
APZ73723:0.00180968
):0.00614773
,
(
APV46183:0.00659309
,
(
APW85766:0.00649412
,
(
AFQ94221:0.00588147
,
(
AQD20736:0.0044865
,
(
ARB66125:0.00233751
,
AQY55811:0.00233751
):0.002149
):0.00139496
):0.000612652
):9.8967e-05
):0.00136433
):-0.00018733
):4.30029e-05
):9.83784e-05
):0.00254954
):-0.0015146
):-0.000745359
):0.00028069
):0.00114423
):0.000441933
):-0.00183262
):0.00191318
):0.000677893
):0.00153851
):0.00116127
,
(
(
AZA07513:0.0106643
,
(
(
AQY61304:0.0066355
,
(
AQY61313:0.00286533
,
AQY61322:0.00286533
):0.00377017
):0.00464972
,
(
(
AJT47922:0.00180995
,
AJT47931:0.00180995
):0.00838283
,
(
(
(
APZ73660:0.00113105
,
APZ73696:0.00113105
):0.00659836
,
(
APY26869:0.0071644
,
(
AKS25233:0.00640929
,
(
ARB66152:0.00377017
,
APU51855:0.00377017
):0.00263912
):0.000755114
):0.000565011
):0.00163325
,
(
QDA76236:0.00840875
,
(
APZ73806:0.00693816
,
AKS25251:0.00693816
):0.00147059
):0.000953919
):0.000830112
):0.00109244
):-0.00062094
):0.00274824
,
(
ALC78737:0.0145349
,
(
AEB00714:0.0140909
,
(
QDA76227:0.0131496
,
(
(
(
AYC44181:0.00475113
,
APV46129:0.00475113
):0.00478108
,
(
APY23559:0.0090109
,
(
APZ73750:0.00787997
,
(
APZ73714:0.00614582
,
(
AQY55856:0.00475113
,
APZ73768:0.00475113
):0.00139469
):0.00173415
):0.00113093
):0.000521311
):0.00264125
,
(
(
AQY55892:0.00883062
,
(
AJR29312:0.00755401
,
AGZ89680:0.00755401
):0.0012766
):0.00101234
,
(
APZ73815:0.0101202
,
(
APY23550:0.0101528
,
(
AJT47895:0.00721468
,
(
APW85793:0.0049876
,
(
APV46111:0.00387619
,
(
AQY55820:0.00344971
,
(
ARB66116:0.00267682
,
(
AQD20673:0.00233751
,
APZ73824:0.00233751
):0.000339315
):0.000772885
):0.000426482
):0.00111141
):0.00222708
):0.00293813
):-3.25991e-05
):-0.000277256
):0.00233051
):0.000976174
):0.000941238
):0.000444022
):-0.00112237
):0.000113615
):0.00421027
):0.000479784
):0.00463798
,
(
(
APZ73842:0.0175174
,
(
APY23595:0.0179652
,
(
(
QDA76281:0.000603318
,
QDA76272:0.000603318
):0.0172395
,
(
(
APZ73651:0.00414719
,
APY23523:0.00414719
):0.0100906
,
(
(
APZ73732:0.0096046
,
(
ARB66161:0.00837897
,
(
APY23622:0.00617573
,
(
APY26709:0.00488624
,
(
(
AQY55802:0.00203589
,
APV46104:0.00203589
):0.000909282
,
APV46093:0.00294517
):0.00194107
):0.00128949
):0.00220323
):0.00122563
):0.00268848
,
(
APY26842:0.0124387
,
(
(
APY26718:0.00218703
,
APY23577:0.00218703
):0.00792798
,
(
APY26788:0.00718326
,
(
APY23586:0.00678733
,
(
APZ73687:0.00542905
,
APY26833:0.00542905
):0.00135829
):0.000395928
):0.00293175
):0.00232372
):-0.000145646
):0.00194472
):0.00360506
):0.000122383
):-0.000447858
):0.00445703
,
(
ANI87709:0.0212132
,
(
APV46138:0.0209005
,
(
(
APY26878:0.0110876
,
AFH35028:0.0110876
):0.00348014
,
(
(
AQY55838:0.0120846
,
(
AQD20718:0.0125123
,
(
(
APZ73669:0.00176548
,
(
AQD20691:0.0011122
,
(
ARB66188:0.000942543
,
(
APY26815:0.000829438
,
APV46120:0.000829438
):0.000113105
):0.000169658
):0.000653283
):0.00829459
,
(
AQD20700:0.0110943
,
(
AFQ94212:0.00772962
,
(
APU51864:0.00761721
,
(
AQY55847:0.00573325
,
AHB74016:0.00573325
):0.00188396
):0.000112405
):0.00336471
):-0.00103426
):0.00245224
):-0.000427656
):0.00191955
,
(
APX44055:0.0145361
,
(
AQD20754:0.0156629
,
(
(
(
APY23487:0.00435849
,
(
APV46165:0.00131956
,
(
AQY03967:0.000829438
,
APY26806:0.000829438
):0.000490122
):0.00303893
):0.00807902
,
(
(
AQD20682:0.00618308
,
APY26780:0.00618308
):0.00501803
,
(
(
APY26824:0.00370035
,
(
APZ73759:0.00252601
,
(
APZ73678:0.00196049
,
APY26797:0.00196049
):0.000565526
):0.00117433
):0.00781483
,
(
APY26762:0.00923776
,
(
AHX26144:0.00656109
,
(
ARB66197:0.00316694
,
APY26753:0.00316694
):0.00339414
):0.00267667
):0.00227742
):-0.000314075
):0.00123641
):0.00214788
,
(
API61789:0.015077
,
(
APU51846:0.0145717
,
(
AGZ89671:0.0131488
,
(
(
AFY11706:0.000754148
,
AFY11697:0.000754148
):0.0115725
,
(
(
AQY55874:0.0061086
,
AJP16738:0.0061086
):0.00591856
,
(
(
ARB66134:0.00678631
,
AQD20727:0.00678631
):0.00508213
,
(
QDA76218:0.0133779
,
(
ARB66107:0.0116204
,
(
AQD20709:0.0115208
,
(
AKS25242:0.0111225
,
(
APV46174:0.0105741
,
(
(
ARS22448:0.00158347
,
ARS22408:0.00158347
):0.00744727
,
(
(
APY26771:0.0073047
,
(
APY23514:0.00689941
,
(
APY23613:0.00554215
,
(
ARB66170:0.00422259
,
APZ73741:0.00422259
):0.00131956
):0.00135726
):0.000405293
):0.00137317
,
(
APY26851:0.00759689
,
(
AZA07823:0.00358166
,
(
AZA07841:0.00105565
,
(
AZA07832:0.000754034
,
AZA07850:0.000754034
):0.000301614
):0.00252601
):0.00401523
):0.00108098
):0.000352865
):0.00154341
):0.000548352
):0.000398317
):9.96254e-05
):0.00175741
):-0.00150941
):0.000158722
):0.0002995
):0.000822099
):0.00142294
):0.000505276
):-0.000491576
):0.00107751
):-0.00112677
):-0.000531933
):0.00056358
):0.00633276
):0.00031263
):0.000761244
):0.000879746
):0.00385005
,
(
(
APY23541:0.0198718
,
(
ARB66179:0.000980392
,
APU51837:0.000980392
):0.0188914
):0.00398284
,
(
APY26727:0.0236708
,
(
APY23568:0.0206228
,
(
APV46147:0.0166265
,
(
APY23478:0.0137988
,
APY23532:0.0137988
):0.00282763
):0.00399638
):0.00304798
):0.000183824
):0.00284957
):0.00187714
):0.00715494
,
(
APX44046:0.0309789
,
(
AAP92673:0.0170797
,
(
AAT70770:0.00222257
,
(
AMH39303:0.00188452
,
AMD40261:0.00188452
):0.000338055
):0.0148571
):0.0138992
):0.00475738
):0.0129071
,
(
(
QDA76263:0.000603318
,
QDA76254:0.000603318
):0.0438134
,
(
(
APY26744:0.0287953
,
(
AVI69484:0.022182
,
(
AHB73997:0.00777124
,
ACH72802:0.00777124
):0.0144107
):0.00661333
):0.0101903
,
(
AGK85497:0.0400685
,
(
ARJ35781:0.0375692
,
(
AXB38892:0.0338697
,
(
AKV60428:0.031499
,
(
ADP06517:0.0264529
,
(
(
AFQ94230:0.00128205
,
AFQ94239:0.00128205
):0.0251201
,
(
ADV71748:0.0205168
,
(
ANY58999:0.0125845
,
(
AXQ05189:0.0155585
,
(
ANI21147:0.0158611
,
(
ACJ12832:0.012461
,
(
AGJ98436:0.0103111
,
(
AKJ66252:0.00641024
,
(
(
(
AHX25982:0.00075643
,
AHX25973:0.00075643
):0.00197345
,
(
AHX25928:0.00205454
,
(
AHX26081:0.00184532
,
(
AHX25964:0.00164348
,
(
(
ARJ35790:0.000302572
,
AHX26099:0.000302572
):0.00131751
,
(
AHX25910:0.00164743
,
(
AHX25901:0.00133663
,
(
(
AHX26117:0.000567322
,
(
AHX26072:0.000378215
,
AHX26000:0.000378215
):0.000189107
):0.000440611
,
(
AHX25937:0.00119443
,
(
AHX26054:0.00116975
,
(
AHX25955:0.000943496
,
(
AHX26126:0.000856505
,
(
AHX26153:0.000956285
,
(
AHX26162:0.00089139
,
(
AHX26135:0.000743872
,
(
AHX26018:0.000832959
,
(
AHX25919:0.000710926
,
(
AHX26036:0.000655966
,
(
AHX26027:0.000574414
,
(
AHX26090:0.000543684
,
(
AHX25991:0.000482224
,
(
(
AHX26108:0.000151286
,
AHX26009:0.000151286
):0.000208018
,
(
AHX25892:0.00026475
,
(
AHX26045:7.5643e-05
,
AHX25946:7.5643e-05
):0.000189107
):9.45537e-05
):0.00012292
):6.14599e-05
):3.073e-05
):8.15525e-05
):5.49593e-05
):0.000122033
):-8.90873e-05
):0.000147519
):6.48949e-05
):-9.978e-05
):8.69913e-05
):0.00022625
):2.46841e-05
):-0.000186498
):0.000328692
):0.000310803
):-2.73508e-05
):2.34011e-05
):0.000201844
):0.000209222
):0.000675332
):0.00152312
,
(
AMK51946:0.0037866
,
(
ARS23138:0.00280546
,
(
AMK51936:0.00228904
,
(
QDA76335:0.00214604
,
(
ADV71786:0.00201842
,
(
ACQ55229:0.00170171
,
(
AXQ05199:0.00141809
,
(
QDA76299:0.00105884
,
(
(
QDA76317:0.000302526
,
QCS40648:0.000302526
):0.000226895
,
ACH72792:0.000529421
):0.000529421
):0.00035925
):0.000283618
):0.000316707
):0.000127628
):0.000142991
):0.000516422
):0.000981142
):0.000466401
):0.00215724
):0.00390083
):0.00214991
):0.00340015
):-0.000302667
):-0.00297393
):0.00793229
):0.00588533
):5.0785e-05
):0.00504607
):0.00237065
):0.00369951
):0.0024993
):-0.00108284
):0.00543107
):0.00422665
):0.0062469
):-0.00543059
):-0.00235664
):0.00638347
):0.0952023
):0.0933628
):0.0920727
):0.0333815
,
(
(
YP_009389424:0.319204
,
(
(
(
(
AKZ66481:0.023724
,
(
(
ABG89309:0.00359066
,
(
ABG89333:0.00119689
,
(
NP_058422:0.000748055
,
AML22776:0.000748055
):0.000448833
):0.00239378
):0.0171099
,
(
(
AFG19735:0.00404071
,
(
AFX81107:0.000149656
,
AFX81097:0.000149656
):0.00389105
):0.0113089
,
(
AKA65828:0.0149678
,
(
ADB28906:0.0137289
,
(
AFG19738:0.00980099
,
AEQ61967:0.00980099
):0.00392788
):0.00123896
):0.000381768
):0.00535102
):0.00302339
):0.0390499
,
(
ABI14446:0.0346419
,
(
(
ACT10926:0.0195739
,
(
ASU62498:0.017306
,
AGT52079:0.017306
):0.00226798
):0.0089898
,
(
(
(
AJO26992:7.48055e-05
,
AJO26982:7.48055e-05
):0.000748055
,
(
(
AJO26972:0
,
AJO27022:0
):0.000598444
,
(
AJO27002:0.000448833
,
AJO27012:0.000448833
):0.000149611
):0.000224416
):0.0305895
,
(
AFH58022:0.0309479
,
(
ACT10853:0.0258168
,
(
(
(
AFH55120:0.000670741
,
AFH55129:0.000670741
):0.00127847
,
(
AAY32594:0.001767
,
(
AGZ84525:0.00122038
,
(
(
YP_004070193:0.00022358
,
AFX81090:0.00022358
):0.000763899
,
(
AGZ84535:0.000484424
,
(
AGZ84515:0.00022358
,
AAY16374:0.00022358
):0.000260844
):0.000503056
):0.000232896
):0.000546625
):0.00018221
):0.0256142
,
(
(
ACT10958:0.000738547
,
(
(
AMD11162:0
,
AMD11151:0
):0.000366357
,
(
AMD11129:0.000378024
,
(
AMD11173:0.000289352
,
(
(
AMD11217:0
,
AMD11228:0
):0.000280018
,
(
AMD11206:0.000186679
,
(
(
AMD11195:0
,
AMD11184:0
):7.46714e-05
,
(
AMD11140:0
,
ACT10947:0
):7.46714e-05
):0.000112007
):9.33393e-05
):9.33395e-06
):8.86723e-05
):-1.16674e-05
):0.000372191
):0.0254196
,
(
AYF53092:0.0255872
,
(
AXE71622:0.0228106
,
(
(
ADL71454:0.00851509
,
ACT10915:0.00851509
):0.0146898
,
(
QDM36985:0.0233422
,
(
ACT10886:0.0214482
,
(
ACT10905:0.0211424
,
(
AEK25520:0.0204262
,
(
AEK25510:0.0202867
,
(
ADL71475:0.020658
,
(
(
ASU62487:0.0172962
,
(
(
ADL71465:0.00153099
,
(
ADL71496:0.000522778
,
(
ADC35460:0.00029873
,
ADC35471:0.00029873
):0.000224048
):0.00100822
):0.00888723
,
(
ADO39827:0.00380881
,
ADL71445:0.00380881
):0.00660941
):0.00687796
):0.00279375
,
(
(
AUG98118:0.00026135
,
(
AUG98129:7.46714e-05
,
AUG98140:7.46714e-05
):0.000186679
):0.0200186
,
(
ADO39838:0.0207181
,
(
ABX60144:0.0196383
,
(
ASB16886:0.0179998
,
(
(
ADL71485:0.00828915
,
(
ADO39849:0.00351008
,
ADO39816:0.00351008
):0.00477907
):0.00858943
,
(
ACT10969:0.0152002
,
(
ACT10895:0.00948186
,
(
ACT10864:0.00111907
,
ACT10936:0.00111907
):0.00836279
):0.00571832
):0.0016784
):0.0011212
):0.00163854
):0.00107981
):-0.000438133
):-0.000190057
):0.00056806
):-0.00037129
):0.000139518
):0.000716168
):0.000305817
):0.00189395
):-0.000137236
):-0.000394315
):0.00277658
):0.000570999
):0.00140521
):-0.00174663
):0.00513113
):0.000464473
):-0.00284863
):0.00607815
):0.028132
):0.135464
,
(
(
YP_009256195:0
,
AKG92638:0
):0.109974
,
(
(
YP_009019180:0
,
ADI80512:0
):0.0213223
,
(
AVY53334:0.0198651
,
ADI80522:0.0198651
):0.00145727
):0.088652
):0.088264
):0.0739813
,
(
(
YP_009336483:0
,
AID16672:0
):0.283954
,
(
(
(
(
NP_073549:0.00706156
,
(
(
AST12962:0.0018042
,
(
APT69893:0.000978297
,
(
QEO75983:0.000882559
,
(
APT69877:0.000804007
,
(
QEG03783:0.000720834
,
(
ARA15427:0.000554488
,
(
ARU07599:0.000369658
,
(
ARK08640:0.000295727
,
APT69850:0.000295727
):7.39317e-05
):0.000184829
):0.000166346
):8.31732e-05
):7.85523e-05
):9.57376e-05
):0.0008259
):0.00114189
,
(
(
AGT21366:0.00129449
,
(
AGT21344:0.00111012
,
AGT21359:0.00111012
):0.00018437
):0.000912943
,
(
AFR79255:0.00235764
,
(
ARB07423:0.002211
,
(
(
APT69863:0
,
APT69870:0
):0.00194995
,
(
ARB07390:0.00147863
,
(
(
(
ARK08618:0
,
APT69857:0
):0.00044359
,
APT69884:0.00044359
):0.000536005
,
(
AFR79248:0.000591454
,
(
ARX11394:0.00044359
,
AOG74782:0.00044359
):0.000147863
):0.000388141
):0.000499039
):0.000471315
):0.000261049
):0.000146647
):-0.000150208
):0.000738655
):0.00411546
):0.0218758
,
(
(
AOG74788:0.00446001
,
(
AFI49429:0.00197529
,
(
(
ALA50087:0.000388141
,
(
ALA50094:0.000184829
,
(
ALA50101:7.39317e-05
,
ALA50248:7.39317e-05
):0.000110898
):0.000203312
):0.000442868
,
(
(
ALA50143:0.000485177
,
(
(
ALA50234:0
,
ALA50241:0
):0.000341934
,
(
ALA50150:0.00031421
,
(
(
ALA50227:0
,
ALA50220:0
):0.000184829
,
(
(
(
ALA50157:0
,
ALA50178:0
):0
,
ALA50171:0
):7.39317e-05
,
(
ALA50206:0
,
ALA50213:0
):7.39317e-05
):0.000110898
):0.00012938
):2.77244e-05
):0.000143243
):0.000292839
,
(
(
(
(
AOI28265:0
,
AOI28289:0
):0
,
AOI28273:0
):7.39317e-05
,
AOI28258:7.39317e-05
):0.000708705
,
(
(
ALA50122:0.000221795
,
(
ALA50185:0.000147863
,
(
ALA50108:0
,
ALA50115:0
):0.000147863
):7.39317e-05
):0.000386986
,
(
ALA50255:0.000704661
,
(
ATI09442:0.000475935
,
(
ALA50129:0.000323451
,
(
AOI28281:0.000203312
,
(
ALA50136:0.000110898
,
(
(
(
YP_009194637:0
,
ALA50192:0
):0
,
ALA50199:0
):7.39317e-05
,
ALA50164:7.39317e-05
):3.69658e-05
):9.24146e-05
):0.000120139
):0.000152484
):0.000228726
):-9.58801e-05
):0.000173855
):-4.62076e-06
):5.2994e-05
):0.00114428
):0.00248472
):0.0210819
,
(
APD51497:0.0203003
,
(
QHA24664:0.00901433
,
APD51505:0.00901433
):0.0112859
):0.00524168
):0.00339545
):0.158799
,
(
(
APD51489:0.00707756
,
APD51481:0.00707756
):0.134158
,
(
(
YP_009328933:0
,
APD51473:0
):0.0767354
,
(
QEG03746:0.0116932
,
(
(
AGT51337:0.00365848
,
(
AAS89765:0.00349669
,
(
AVA26872:0.00289425
,
(
QED88038:0.00197752
,
(
QED88031:0.00142679
,
(
AFD98763:0.00077149
,
(
AFD98756:0.000353212
,
(
AFD98798:0.000260262
,
(
AGT51379:0.000223082
,
(
(
AFD98749:0.000148721
,
AFD98791:0.000148721
):0
,
ABE97129:0.000148721
):7.43605e-05
):3.71803e-05
):9.29506e-05
):0.000418278
):0.000655302
):0.000550732
):0.000916726
):0.000602436
):0.000161792
):0.00319673
,
(
QED88024:0.00586587
,
(
QEG03729:0.00583088
,
(
ARU07593:0.00516274
,
(
(
AKT07951:0.000948135
,
(
(
AWK59948:0.000444302
,
(
AWK59942:0.000283795
,
(
AWK59972:0.000139571
,
(
AWK59966:0.000130266
,
(
AWK59930:0.000111657
,
(
AWK59954:7.4438e-05
,
AWK59960:7.4438e-05
):3.7219e-05
):1.86095e-05
):9.30474e-06
):0.000144224
):0.000160507
):0.000261696
,
(
AFQ55883:0.000371803
,
AFO70496:0.000371803
):0.000334195
):0.000242137
):0.00336817
,
(
QED88010:0.00305983
,
(
QED88017:0.00318344
,
(
ABE97136:0.00229751
,
(
(
(
AFD98833:0.000334374
,
(
AFD98784:0.000222916
,
AFD98819:0.000222916
):0.000111458
):0.000390103
,
(
(
YP_003766:0
,
AAS58176:0
):0.000371526
,
AFV53147:0.000371526
):0.00035295
):0.0014742
,
(
(
AGT51365:0.000816197
,
(
AGT51358:0.000294899
,
(
AGT51372:0.000292577
,
(
AGT51323:0.000287933
,
(
AGT51386:0.000278645
,
(
AGT51351:0.000185763
,
(
AGT51344:7.43052e-05
,
AGT51393:7.43052e-05
):0.000111458
):9.28816e-05
):9.28814e-06
):4.6441e-06
):2.32202e-06
):0.000521298
):0.000794137
,
(
(
AFD98805:0.00014861
,
AFD98812:0.00014861
):0.0011796
,
(
(
(
(
(
APF29070:0
,
ANU06083:0
):0
,
ALJ53430:0
):0
,
AFD98777:0
):0.000464408
,
(
AFD98770:0.000185763
,
(
(
(
(
ARE29960:0
,
ARE29966:0
):0
,
ARB07404:0
):0
,
ARB07397:0
):7.43052e-05
,
ARE29978:7.43052e-05
):0.000111458
):0.000278645
):0.000538713
,
(
AGT51330:0.000835934
,
(
AFD98826:0.000482984
,
(
(
ARK08625:0
,
ARE29972:0
):7.43052e-05
,
ARE29984:7.43052e-05
):0.000408679
):0.00035295
):0.000167187
):0.000325085
):0.000282128
):0.000588347
):9.88315e-05
):0.00088593
):-0.000123612
):0.00125647
):0.00084644
):0.000668134
):3.49968e-05
):0.000989334
):0.00483796
):0.0650423
):0.0644996
):0.0465014
):0.039417
,
(
(
(
YP_009200734:0
,
AIA62258:0
):0.0275857
,
(
QHA24702:0.0151711
,
(
(
AWJ64262:0.00196949
,
(
ATN23888:0.00156079
,
(
QEH62668:0.000743273
,
ASK51715:0.000743273
):0.000817512
):0.000408704
):0.006174
,
(
(
YP_001552234:0
,
ABQ57207:0
):0.00377211
,
(
ABQ57215:0.00100342
,
(
ABQ57231:0.000371637
,
ABQ57223:0.000371637
):0.000631782
):0.00276869
):0.00437138
):0.00702757
):0.0124147
):0.204821
,
(
(
(
ACA52156:0.0385516
,
(
QHA24717:0.0085839
,
(
(
YP_001718603:0
,
ACA52163:0
):0.00743039
,
(
AIA62205:0.00497764
,
AIA62199:0.00497764
):0.00245275
):0.00115351
):0.0299677
):0.141049
,
(
(
AIA62226:0.00232254
,
(
AIA62219:0.00203223
,
AIA62233:0.00203223
):0.000290318
):0.0404631
,
(
(
YP_001718610:0
,
ACA52170:0
):0.00391531
,
(
QHA24670:0.00297274
,
AIA62211:0.00297274
):0.000942575
):0.0388703
):0.136815
):0.044406
,
(
(
(
YP_008439200:0
,
AGT21332:0
):0.00271062
,
ASL24651:0.00271062
):0.207851
,
(
(
(
(
(
AYR18560:0.00176083
,
(
AYR18492:0.00138458
,
(
AYR18429:0.000406144
,
(
AYR18411:0.000221533
,
AYR18542:0.000221533
):0.000184611
):0.000978437
):0.000376249
):0.00266768
,
(
(
AYR18478:0.0013292
,
AYR18405:0.0013292
):0.00215995
,
(
(
AYR18498:0.000147689
,
AYR18510:0.000147689
):0.003323
,
(
AYR18504:0.00302762
,
(
AYR18435:0.0013292
,
AYR18486:0.0013292
):0.00169842
):0.000443066
):1.84607e-05
):0.000939365
):0.0785904
,
(
(
(
AYR18466:0.00353305
,
AYR18512:0.00353305
):0.00205459
,
(
(
(
AYR18518:0.000882872
,
AYR18454:0.000882872
):0.00259885
,
(
AYR18584:0.00379487
,
(
(
AYR18536:0.00176434
,
AYR18548:0.00176434
):0.0011549
,
(
(
AYR18578:0.0016186
,
AYR18460:0.0016186
):0.000735873
,
(
AYR18554:0.00200506
,
(
AYR18524:0.00117742
,
(
AYR18417:0.000220816
,
AYR18423:0.000220816
):0.000956607
):0.000827636
):0.000349414
):0.000564769
):0.000875633
):-0.000313149
):0.00195345
,
(
(
AYR18590:0.00100912
,
(
AYR18566:7.36052e-05
,
AYR18572:7.36052e-05
):0.000935514
):0.00369469
,
(
(
AYR18472:0.00360665
,
(
AYR18530:0.00206095
,
AYR18480:0.00206095
):0.00154571
):0.000291083
,
(
AYR18399:0.00298334
,
(
AYR18441:0.000810851
,
AYR18447:0.000810851
):0.00217249
):0.000914394
):0.000806076
):0.00073136
):0.000152466
):0.0105238
,
(
(
QDF43804:0.0043059
,
(
QDF43789:0.00323863
,
QDF43794:0.00323863
):0.00106727
):0.00881378
,
(
QDF43799:0.0100471
,
(
YP_001351683:0.00507876
,
QHA24695:0.00507876
):0.00496835
):0.00307258
):0.00299171
):0.0669075
):0.0803619
,
(
QER90703:0.161228
,
(
QGX41944:0.133219
,
(
(
(
AKH45325:0
,
AKH45331:0
):0.0035942
,
(
(
AST13238:0.0013858
,
(
(
AST13220:0
,
AST13129:0
):0.00131811
,
(
AST13226:0.000665392
,
(
(
AST13214:0.000110668
,
(
(
AST13232:0
,
AST13135:0
):7.3779e-05
,
AST13244:7.3779e-05
):3.68895e-05
):0.000313561
,
(
AOC38020:0.000147514
,
AJH76956:0.000147514
):0.000276715
):0.000241163
):0.000652716
):6.76884e-05
):0.00122707
,
(
ABM64775:0.00136411
,
(
NP_598309:0.000368677
,
AAK38661:0.000368677
):0.000995428
):0.00124876
):0.000981329
):0.00942058
,
(
(
(
(
ALR74756:0.00501679
,
(
ALP06209:0.0043573
,
(
AJP67455:0.00192173
,
(
AJP67449:0.00145627
,
(
ANC68212:0.0013088
,
(
ARQ03268:0.000700487
,
(
QCQ19857:0.000221206
,
(
(
ARJ54145:0
,
AMS37099:0
):0
,
AMS37105:0
):0.000221206
):0.00047928
):0.000608317
):0.000147471
):0.000465455
):0.00243557
):0.000659484
):0.00154834
,
(
AXK47357:0.00628905
,
(
(
AQY61718:0.00341948
,
(
AKC34871:0.0024517
,
(
QAY31030:0.00189869
,
(
ALU34111:0.00136411
,
(
ASB30080:0.000884825
,
(
(
APG31004:0
,
APG30997:0
):0.000737354
,
AKE47383:0.000737354
):0.000147471
):0.00047928
):0.000534582
):0.000553016
):0.000967778
):0.00211032
,
(
QCQ19923:0.00558509
,
(
AUV64198:0.00505639
,
(
AXK47351:0.00560735
,
(
(
QCQ19911:0.00117977
,
QCQ19917:0.00117977
):0.00353963
,
(
(
APH81305:0.00140097
,
AKV62618:0.00140097
):0.0025042
,
(
AZL47233:0.00389516
,
(
QHB92363:0.00369397
,
(
QCB65299:0.00340969
,
(
AZL47221:0.00322938
,
(
AZS27724:0.00322362
,
(
QGJ03658:0.00305541
,
(
(
QGJ02388:0.00154844
,
AZP53857:0.00154844
):0.000705095
,
(
AQW35006:0.00208303
,
(
QBR98156:0.00136411
,
(
AZL47191:0.00110603
,
AUJ79483:0.00110603
):0.000258074
):0.00071892
):0.000170513
):0.000801873
):0.000168209
):5.76046e-06
):0.000180306
):0.000284285
):0.000201188
):1.00089e-05
):0.000814222
):0.000887958
):-0.000550964
):0.0005287
):-5.52805e-05
):0.000759246
):0.000276077
):0.000956322
,
(
(
AJP67443:0.00339183
,
AJP67437:0.00339183
):0.00498986
,
(
AQK38167:0.00832396
,
(
(
AJP67413:0.00510733
,
(
(
AYP73628:0.00270632
,
(
ALS35473:0.0030485
,
(
AJP67425:0.00267291
,
(
AJP67431:0.00249779
,
(
APD70933:0.00215676
,
(
AJP67407:0.00184339
,
(
AJP67419:0.00117977
,
(
AJP67395:0.0010323
,
(
QED58400:0.000737354
,
AIE15934:0.000737354
):0.000294942
):0.000147471
):0.000663619
):0.000313375
):0.000341026
):0.000175122
):0.00037559
):-0.000342179
):0.000547876
,
(
(
AVK78140:0.00202772
,
(
QCQ19833:0.000221206
,
ANY27030:0.000221206
):0.00180652
):0.000857175
,
(
(
AVK78146:0.00155766
,
(
QEE80070:0.000901398
,
(
AQT33893:0.000331126
,
(
QEE80058:0.000220751
,
QEE80064:0.000220751
):0.000110375
):0.000570272
):0.000656263
):0.0010876
,
(
(
AZL47197:0.00117977
,
AZL47203:0.00117977
):0.00128115
,
(
APR64494:0.00267291
,
(
ALF39588:0.00158531
,
(
ALB08471:0.00081109
,
AGA94619:0.00081109
):0.000774222
):0.0010876
):-0.00021199
):0.000184339
):0.00023964
):0.000369298
):0.00185313
):0.000234635
,
(
(
(
(
(
AKJ21730:0.00141445
,
(
AKJ22204:0.00120805
,
(
AKJ21760:0.00109154
,
(
(
(
AMD11116:0
,
AMD11123:0
):0.000221206
,
AID57068:0.000221206
):0.00062541
,
(
(
AKJ21748:0.000294942
,
AKJ22060:0.000294942
):0.000455572
,
(
AKJ22012:0.000768858
,
(
AKJ21928:0.000800361
,
(
AKJ21946:0.000803457
,
(
(
(
AKJ21934:0
,
AKJ22054:0
):0.00023964
,
(
AKJ21970:0.000184339
,
(
(
(
(
AKJ21772:0
,
AKJ21868:0
):0
,
AKJ21910:0
):0
,
AKJ22042:0
):7.37354e-05
,
AKJ22030:7.37354e-05
):0.000110603
):5.53016e-05
):0.000252025
,
(
AKJ22018:0.000623871
,
(
AKJ21892:0.000584123
,
(
AKJ22120:0.000467759
,
(
AKJ21778:0.000345635
,
(
AKJ21898:0.000248857
,
(
AKP80588:0.000202772
,
(
AKJ22138:0.000110603
,
(
AKJ21712:7.37354e-05
,
(
(
AKJ21784:0
,
AKJ21844:0
):0
,
AKJ22024:0
):7.37354e-05
):3.68677e-05
):9.21693e-05
):4.60846e-05
):9.67778e-05
):0.000122124
):0.000116364
):3.9748e-05
):-0.000132205
):0.000311791
):-3.0963e-06
):-3.15032e-05
):-1.83438e-05
):9.61027e-05
):0.000244919
):0.000116519
):0.000206396
):0.00058598
,
(
(
ANI85799:0.000147471
,
ANI85793:0.000147471
):0.00169822
,
(
(
AKJ21718:0
,
AKJ22144:0
):0.00143323
,
(
ANI85787:0.00104151
,
(
(
AKJ21838:7.37354e-05
,
(
AKJ21880:0
,
AKJ22066:0
):7.37354e-05
):0.000387111
,
(
AKJ21886:0.000258074
,
(
(
AVI57395:0.000147471
,
AVI57402:0.000147471
):7.37354e-05
,
AKJ21820:0.000221206
):3.68677e-05
):0.000202772
):0.000580667
):0.00039172
):0.000412458
):0.000154741
):2.15308e-05
,
(
(
(
AIN52141:0.000331809
,
(
AID57026:7.35835e-05
,
AID57032:7.35835e-05
):0.000258226
):0.000793232
,
(
(
QGQ60293:0.000368677
,
AKJ21700:0.000368677
):0.000588731
,
(
QGQ60251:0.00118207
,
(
QGQ60329:0.00101847
,
(
QGQ60257:0.000746571
,
(
(
QGQ60317:0.000147471
,
QGQ60323:0.000147471
):0.000387111
,
(
(
(
(
(
QGQ60287:0
,
QGQ60215:0
):0
,
QGQ60221:0
):0.000147471
,
QGQ60305:0.000147471
):7.37354e-05
,
(
QGQ60311:0
,
QGQ60299:0
):0.000221206
):0.000258074
,
(
QGQ60335:0.000221206
,
QGQ60281:0.000221206
):0.000258074
):5.53016e-05
):0.000211989
):0.000271899
):0.0001636
):-0.000224663
):0.000167633
):0.000972679
,
(
ANI85817:0.00188874
,
(
ANI85781:0.00195245
,
(
ALJ52503:0.00144407
,
(
AID57062:0.00126812
,
(
AUV64571:0.00121145
,
(
AID56786:0.000956346
,
(
(
AID57038:0.000220751
,
AID56708:0.000220751
):0.000366868
,
(
AMC39583:0.000631613
,
(
AKO63236:0.000636679
,
(
AID56714:0.000572109
,
(
(
(
AID56756:0.000147167
,
AID56762:0.000147167
):7.35835e-05
,
AID56696:0.000220751
):0.000334686
,
(
AIK28707:0.000701999
,
(
AID56720:0.000452855
,
(
AID56732:0.000464209
,
(
(
AID56924:7.35835e-05
,
(
AID56828:0
,
AID56822:0
):7.35835e-05
):0.00038114
,
(
AID56684:0.00031158
,
(
(
AID56678:0
,
AID56690:0
):0.000328826
,
(
AID57104:0.000363319
,
(
AID56978:0.000211553
,
(
AID56984:0.000128771
,
(
AID56900:0.000110375
,
(
AID56894:7.35835e-05
,
(
(
(
(
AID56918:0
,
AID56930:0
):0
,
AID56738:0
):0
,
AID56972:0
):0
,
AID56852:0
):7.35835e-05
):3.67918e-05
):1.83959e-05
):8.27814e-05
):0.000151766
):-3.44923e-05
):-1.72461e-05
):0.000143143
):9.48537e-06
):-1.13537e-05
):0.000249144
):-0.000146562
):1.66728e-05
):6.457e-05
):-5.06575e-06
):-4.39946e-05
):0.000368727
):0.000255108
):5.66707e-05
):0.000175948
):0.000508381
):-6.3714e-05
):0.000208981
):-7.57584e-05
):0.00168019
,
(
AWM11491:0.00504742
,
(
AYP73644:0.0034119
,
(
AOS89610:0.00345278
,
(
(
(
AKP80616:0.000147471
,
AKP80609:0.000147471
):0.000221206
,
AID56666:0.000368677
):0.00282947
,
(
AGG55742:0.00223692
,
(
(
AHC03507:0.000376053
,
(
AHC03501:0.000300842
,
AHA38159:0.000300842
):7.52106e-05
):0.00187205
,
(
AZN28587:0.00198779
,
(
AGS12448:0.00149024
,
(
(
ANI85745:0
,
ANI85739:0
):0.00137775
,
(
AIR95865:0.00118171
,
(
AZN28592:0.00125451
,
(
AHL38183:0.00103777
,
(
QGQ60233:0.000891162
,
(
ALM31931:0.000768461
,
(
AGY31027:0.000652098
,
(
ANI85733:0.000566841
,
(
ANY27036:0.000506931
,
(
AWV57047:0.000350243
,
(
AGO58929:0.000110603
,
(
AIK69674:7.37354e-05
,
AHZ94886:7.37354e-05
):3.68677e-05
):0.00023964
):0.000156688
):5.99101e-05
):8.52566e-05
):0.000116364
):0.0001227
):0.000146607
):0.000216742
):-7.27993e-05
):0.00019604
):0.000112487
):0.000497554
):0.000260313
):-1.11891e-05
):0.000961232
):0.000254636
):-4.08827e-05
):0.00163552
):-0.00134526
):0.00141014
,
(
AHM88216:0.00525669
,
(
(
(
QCB65305:0.000884825
,
AZL47215:0.000884825
):0.00156688
,
(
QER78624:0.00210146
,
(
QFG01693:0.00154844
,
ASO67376:0.00154844
):0.000553016
):0.000350243
):0.0019714
,
(
QCQ19905:0.00459929
,
(
QFG01705:0.00440057
,
(
(
AZP03042:0
,
AND76937:0
):0.00356876
,
(
QCL09020:0.00367635
,
(
ATG31099:0.00325895
,
(
QFG01711:0.00307004
,
(
QCQ19875:0.00287895
,
(
(
QCQ19815:0.000221206
,
QCQ19809:0.000221206
):0.00235992
,
(
(
(
QED40666:0.000221206
,
QED40660:0.000221206
):0.000534582
,
(
QCQ19899:0.000331809
,
(
QCQ19893:7.37354e-05
,
QCQ19887:7.37354e-05
):0.000258074
):0.000423979
):0.00123954
,
(
QCQ19821:0.00182935
,
(
AFC98503:0.0019173
,
(
QCQ19827:0.00202636
,
(
ATY72311:0.00224495
,
(
ALL27307:0.00161901
,
(
(
AMR60832:0.000516148
,
(
AIJ01340:0.000147471
,
AIJ01334:0.000147471
):0.000368677
):0.00120998
,
(
(
AJD07365:0.000663619
,
AHF20044:0.000663619
):0.00127654
,
(
ATY72305:0.00174277
,
(
AWV57053:0.00156956
,
(
ASY04642:0.00122178
,
(
AHW40035:0.000967778
,
(
AFP36388:0.000755788
,
(
QCQ19803:0.00047928
,
(
QCQ19797:0.000368677
,
AGG55749:0.000368677
):0.000110603
):0.000276508
):0.000211989
):0.000254006
):0.000347774
):0.000173213
):0.00019739
):-0.000214029
):-0.000107122
):0.000625937
):-0.000218587
):-0.000109058
):-8.79477e-05
):0.000165977
):0.000585792
):0.000297829
):0.000191083
):0.000188917
):0.000417393
):-0.000107583
):0.00083181
):0.000198714
):-0.000176187
):0.000833588
):-0.000144389
):0.000229668
):0.002982
):5.77262e-05
):-0.00086024
):0.00302409
,
(
AEQ55003:0.011191
,
(
ALR84907:0.0107495
,
(
(
AQW35012:0.00648923
,
(
QFG01699:0.00592635
,
(
AXS67924:0.00597864
,
(
(
QCQ20061:7.37354e-05
,
QCQ20067:7.37354e-05
):0.00472487
,
(
(
QCQ20049:0
,
QCQ20043:0
):0.00453135
,
(
AZL47209:0.00407174
,
(
QCQ20055:0.003535
,
(
ART84249:0.00279314
,
(
AYW03308:0.00189869
,
(
QCT24236:0.00158531
,
(
QFG01687:0.0012535
,
QCQ20037:0.0012535
):0.00033181
):0.000313376
):0.000894454
):0.000741855
):0.000536739
):0.000459612
):0.000267258
):0.00118004
):-5.229e-05
):0.000562876
):0.00277277
,
(
(
ALS35468:0.00301983
,
(
AGN29319:0.0024145
,
(
AGG55744:0.00249982
,
(
AOM53014:0.00126558
,
(
AOM53013:0.000979456
,
(
AHG97564:0.000770811
,
(
QCQ20073:0.000655752
,
(
AGD98684:0.000573278
,
(
AKJ85722:0.000555976
,
(
AKP99786:0.000410638
,
(
QCW07220:0.000452163
,
(
AFX98012:0.000313746
,
(
AJW67218:0.000184556
,
(
AUZ98435:7.38225e-05
,
AFE85968:7.38225e-05
):0.000110734
):0.000129189
):0.000138417
):-4.15252e-05
):0.000145338
):1.73021e-05
):8.24736e-05
):0.000115059
):0.000208645
):0.000286124
):0.00123424
):-8.53234e-05
):0.000605327
):0.00676076
,
(
(
(
AKH45343:0.000221206
,
AIF73534:0.000221206
):0.00121663
,
(
AKH45337:0.000958561
,
AIF73540:0.000958561
):0.00047928
):0.00628575
,
(
(
(
QCQ19983:0.00199086
,
ALL27301:0.00199086
):0.0019738
,
(
AGR51641:0.00416578
,
(
AFV46343:0.00331352
,
(
(
AYL64491:0.00081109
,
AJP67401:0.00081109
):0.00304512
,
(
(
QCQ19977:0.000589883
,
AKO90054:0.000589883
):0.00314485
,
(
QBM00060:0.00292551
,
(
(
QCQ19929:0.00132724
,
(
QCQ19971:0.00140097
,
(
QCQ19941:0.000884825
,
QCQ19935:0.000884825
):0.000516148
):-7.37355e-05
):0.00111237
,
(
AFR54325:0.00189984
,
(
QCQ19965:0.00144015
,
(
AFP81694:0.000668227
,
(
AKE53204:0.0005991
,
(
(
QGZ28403:0.000258074
,
(
QCQ19947:7.37354e-05
,
(
AZS18877:0
,
AFW98997:0
):7.37354e-05
):0.000184339
):0.000129037
,
(
QCQ19959:0.000294942
,
QCQ19953:0.000294942
):9.21693e-05
):0.000211989
):6.9127e-05
):0.000771918
):0.000459694
):0.000539766
):0.000485905
):0.000809218
):0.000121476
):-0.000542683
):0.00085226
):-0.000201125
):0.00286408
,
(
AFE85967:0.00731663
,
(
(
QBO24656:0.00151225
,
(
QDZ36673:0.000221304
,
QDZ36667:0.000221304
):0.00129094
):0.00433543
,
(
(
QBA57551:0.00188025
,
(
QBO24668:0.00154844
,
QBA57544:0.00154844
):0.00033181
):0.00402134
,
(
(
QCQ19989:0.00308767
,
(
QCQ19995:0.00171435
,
(
(
QCQ20013:0.000184339
,
(
QCQ20007:7.37354e-05
,
QCQ20001:7.37354e-05
):0.000110603
):0.00121663
,
(
QCQ20031:0.000995428
,
(
QCQ20019:7.37354e-05
,
QCQ20025:7.37354e-05
):0.000921693
):0.000405545
):0.000313376
):0.00137332
):0.00309357
,
(
ASW30993:0.00690959
,
(
AWA45272:0.0069005
,
(
QBA57557:0.00612831
,
(
AGK89913:0.00601259
,
(
QBO24674:0.00559432
,
(
QBO24662:0.00599631
,
(
AZL47227:0.00465642
,
(
AFB77239:0.00467234
,
(
ATG31093:0.00486099
,
(
QCQ19869:0.00463178
,
(
(
QFP92270:0.00291358
,
(
QGQ60245:0.00174176
,
(
(
ALM31937:0
,
ALM31943:0
):0.00172074
,
(
AID57080:0.00112261
,
(
(
(
AIN52093:0
,
AIN52099:0
):0.000387111
,
(
AIN52123:0.000110603
,
(
(
(
AIN52111:0
,
AIN52117:0
):0
,
AIN52105:0
):7.37354e-05
,
(
AIN52129:0
,
AIN52135:0
):7.37354e-05
):3.68677e-05
):0.000276508
):0.000523487
,
(
(
AID57098:0.000294334
,
(
AID57092:0
,
AID57002:0
):0.000294334
):0.000585989
,
(
AKJ22072:0.000994846
,
(
AID56780:0.000720875
,
(
AID56810:0.000705915
,
(
AID56954:0.000675995
,
(
(
(
(
(
AID56870:0
,
AID56882:0
):0
,
AID56906:0
):0.000147167
,
AID57008:0.000147167
):0
,
AID56996:0.000147167
):0.000432195
,
(
AID57020:0.000717078
,
(
AID57074:0.000537647
,
(
AID57056:0.00051422
,
(
AID56672:0.000439772
,
(
AID56702:0.000438043
,
(
(
(
AID56960:0
,
AID56966:0
):0
,
AID57014:0
):0.000434585
,
(
AID56750:0.000427668
,
(
AID56990:0.000412686
,
(
(
AID57050:7.35835e-05
,
AID56858:7.35835e-05
):0.000165419
,
(
AID56726:0.000257255
,
(
(
(
(
(
(
(
AID56864:0
,
AID56912:0
):0
,
AID56942:0
):0
,
AID56948:0
):0
,
AID56834:0
):0
,
AID56888:0
):7.35835e-05
,
AID56804:7.35835e-05
):0.000146592
,
(
AID56774:0.000217301
,
(
AID57044:0.000144868
,
(
AID57086:0.000142568
,
(
(
AID56936:0
,
AID56840:0
):0.000137969
,
(
AID56792:0.000128771
,
(
AID56816:0.000110375
,
(
(
(
AID56876:0
,
AID56798:0
):0
,
AID56846:0
):7.35835e-05
,
(
AID56744:0
,
AID56768:0
):7.35835e-05
):3.67918e-05
):1.83959e-05
):9.19793e-06
):4.59897e-06
):2.29948e-06
):7.24338e-05
):2.87435e-06
):3.70792e-05
):-1.82522e-05
):0.000173683
):1.49826e-05
):6.91644e-06
):3.4582e-06
):1.72909e-06
):7.44481e-05
):2.34271e-05
):0.000179431
):-0.000137716
):9.66324e-05
):2.99203e-05
):1.49601e-05
):0.000273971
):-0.000114522
):3.02743e-05
):0.000212013
):0.000598129
):2.10219e-05
):0.00117182
):0.000953116
,
(
AWM11497:0.00455277
,
(
QCQ19839:0.00424473
,
(
AWM11473:0.00340571
,
(
(
AWQ28487:0.0016067
,
(
(
AKJ21742:0.000442413
,
AKJ22132:0.000442413
):0.000795057
,
(
AKJ22210:0.00144504
,
(
(
APX42290:0.00026733
,
(
APX42142:0.000239676
,
(
APX42130:0.000184366
,
(
(
(
(
APX42118:0
,
APX42136:0
):0
,
AKJ22180:0
):0
,
AKJ22186:0
):7.37463e-05
,
APX42124:7.37463e-05
):0.000110619
):5.53097e-05
):2.76549e-05
):0.00114912
,
(
(
AKP80630:0.000516148
,
AKP80623:0.000516148
):0.000369322
,
(
(
AKJ21952:0.000423979
,
(
AKJ21754:0.000405545
,
(
(
AKJ21736:7.37354e-05
,
AKJ21964:7.37354e-05
):0.000147471
,
(
AKJ21850:7.37354e-05
,
AKJ22000:7.37354e-05
):0.000147471
):0.000184339
):1.84339e-05
):0.000489759
,
(
AKJ21706:0.00112674
,
(
AKJ22192:0.00106966
,
(
AKJ22150:0.000811539
,
(
AKJ22048:0.000752349
,
(
(
AKJ22006:0.000330657
,
(
AKJ21874:0.00025577
,
(
AKJ21790:0.000216598
,
(
AKJ21994:0.000138254
,
(
AKJ21826:0.000129037
,
(
AKJ21808:0.000110603
,
(
AKJ21802:7.37354e-05
,
(
(
(
AKJ21796:0
,
AKJ22096:0
):0
,
AKJ21982:0
):0
,
AKJ21976:0
):7.37354e-05
):3.68677e-05
):1.84339e-05
):9.21692e-06
):7.83439e-05
):3.91719e-05
):7.48876e-05
):0.000299044
,
(
AKJ22114:0.00076284
,
(
AKJ22102:0.000776804
,
(
AKP80602:0.000691826
,
(
AKP80595:0.000646297
,
(
(
ARM65489:0.000221206
,
AKR05183:0.000221206
):0.000324654
,
(
(
(
AHA38124:0
,
AHA38131:0
):7.37354e-05
,
AHA38117:7.37354e-05
):0.000446859
,
(
AKJ22084:0.000525041
,
(
(
(
(
ARM65484:0
,
ARM65495:0
):0
,
AKR05177:0
):7.37354e-05
,
APX42112:7.37354e-05
):0.000377246
,
(
(
(
AHA38138:0
,
AHA38145:0
):7.37354e-05
,
AHA38152:7.37354e-05
):0.000330513
,
(
AKJ21922:0.000439819
,
(
AKJ21904:0.000437226
,
(
AKJ22174:0.000432039
,
(
AKJ21940:0.000421666
,
(
AKJ21862:0.000400918
,
(
AKJ21724:0.00034099
,
(
AKJ21958:0.000276436
,
(
AKJ22198:0.00025793
,
(
AKJ22078:0.000220918
,
(
AKJ21916:0.000146895
,
(
AKJ21988:0.000146319
,
(
AKJ22126:0.000145167
,
(
AKJ22108:0.000142862
,
(
AKJ22036:0.000138254
,
(
AKJ21856:0.000129037
,
(
AKJ21832:0.000110603
,
(
AKJ21766:7.37354e-05
,
AKJ21814:7.37354e-05
):3.68677e-05
):1.84339e-05
):9.21692e-06
):4.60848e-06
):2.30424e-06
):1.1521e-06
):5.76052e-07
):7.40235e-05
):3.70117e-05
):1.85058e-05
):6.45545e-05
):5.9928e-05
):2.07471e-05
):1.03735e-05
):5.18677e-06
):2.59338e-06
):-3.55711e-05
):4.6733e-05
):7.40596e-05
):-4.44637e-06
):2.52656e-05
):0.000100437
):4.55289e-05
):8.49787e-05
):-1.39643e-05
):-0.000133139
):0.000122648
):5.91906e-05
):0.000258124
):5.7077e-05
):-0.000213002
):-2.82686e-05
):0.000530983
):2.85846e-05
):-0.000207567
):0.000369226
):0.00144331
,
(
AHY04234:0.00367891
,
(
QCQ19881:0.00321697
,
(
(
QCO95397:0.000875608
,
(
QCO95403:0.000866391
,
(
QCO95421:0.000700487
,
(
QCO95391:0.000368677
,
(
(
QCO95409:0.000147471
,
AWM11461:0.000147471
):0.000147471
,
QCO95427:0.000294942
):7.37355e-05
):0.000331809
):0.000165905
):9.21695e-06
):0.00251649
,
(
QCQ19863:0.00244476
,
(
(
(
ALM09387:0.000147471
,
ALM09393:0.000147471
):0.000382503
,
(
(
(
ALM09357:0
,
AHG97484:0
):0.00023964
,
(
ALM09381:0.000110603
,
(
ALM09363:7.37354e-05
,
(
ALM09369:0
,
ALM09377:0
):7.37354e-05
):3.68677e-05
):0.000129037
):0.00011982
,
(
AFV09313:0.000147471
,
AFQ37597:0.000147471
):0.000211989
):0.000170513
):0.00264404
,
(
(
ANI85823:0.0010323
,
(
AWM11485:0.000294942
,
AWM11467:0.000294942
):0.000737354
):0.0014264
,
(
ASA69723:0.00302159
,
(
(
QCQ19845:0.000737354
,
AIS82612:0.000737354
):0.00166373
,
(
(
AQX36341:0.000442413
,
AMR59400:0.000442413
):0.00121665
,
(
AWM11479:0.00139869
,
(
AWM11455:0.00147014
,
(
QCQ19851:0.00148401
,
(
ANI85763:0.00118222
,
(
(
ANI85805:0.000804177
,
(
(
ASA40102:7.37354e-05
,
ASA40108:7.37354e-05
):0.000566841
,
(
ANI85811:0.000488497
,
(
(
AID66722:0.000110603
,
(
(
(
AKS50243:0
,
AKS50221:0
):0
,
AKS50237:0
):7.37354e-05
,
(
(
AHX58681:0
,
AHX58675:0
):0
,
AHX58669:0
):7.37354e-05
):3.68677e-05
):0.000165905
,
(
ASA40096:0.000147471
,
ASA40090:0.000147471
):0.000129037
):0.000211989
):0.000152079
):0.000163601
):0.000210569
,
(
(
ANI85757:7.37354e-05
,
ANI85751:7.37354e-05
):0.001049
,
(
(
(
QDY92480:0
,
QDY92474:0
):0.000147471
,
QDY92486:0.000147471
):0.000743331
,
(
QGQ60227:0.000859047
,
(
(
QCO95415:0.000294942
,
AIA61013:0.000294942
):0.000355716
,
(
(
ANI85769:0
,
ANI85775:0
):0.000562233
,
(
AIM47753:0.000390567
,
(
AIP84467:0.000338722
,
(
AGY31033:0.000235032
,
(
AGY31021:0.000175122
,
(
AHN60051:0.000202772
,
(
QGQ60239:0.000184339
,
(
(
QGQ60275:0
,
QGQ60263:0
):7.37354e-05
,
QGQ60269:7.37354e-05
):0.000110603
):1.84338e-05
):-2.76508e-05
):5.991e-05
):0.00010369
):5.18452e-05
):0.000171665
):8.8425e-05
):0.000208389
):3.17551e-05
):0.000231935
):-0.000107991
):0.000167469
):0.000301796
):-1.38681e-05
):-7.14526e-05
):0.000260368
):0.000742028
):0.000620503
):-0.000562891
):0.000715311
):-0.000729254
):0.000947345
):-0.000175126
):0.000461936
):-0.000628903
):0.0003557
):0.000839019
):0.000308044
):-0.000686068
):0.000765075
):0.000229209
):-0.000188649
):-1.59177e-05
):0.00133989
):-0.00040199
):0.000418268
):0.000115715
):0.000772197
):9.09017e-06
):-0.000728348
):-0.000279654
):-5.39133e-05
):0.00146895
):-0.000487892
):0.000894859
):0.00205699
):-0.000518589
):0.00148749
):0.00044155
):-0.000645501
):0.00246924
):0.120205
):0.028008
):0.00215329
):0.050147
,
(
(
(
QGX41968:0.101031
,
(
QGX41962:0.00658813
,
QGX41956:0.00658813
):0.0944427
):0.0454293
,
(
QCX35159:0.141462
,
(
(
AZF86129:0.00573066
,
AZF86123:0.00573066
):0.122217
,
(
(
YP_009201729:0
,
AIA62264:0
):0.0978327
,
AZF86117:0.0978327
):0.0301153
):0.0135138
):0.00499827
):0.0611601
,
(
(
YP_009199608:0
,
AIA62245:0
):0.204432
,
(
QGX41950:0.167028
,
(
(
(
(
YP_009199789:0
,
AIA62251:0
):0.00713542
,
AIA62270:0.00713542
):0.0959449
,
(
QDF43809:0.073972
,
(
QCX35177:0.000297974
,
QCX35166:0.000297974
):0.073674
):0.0291083
):0.0325674
,
(
QHA24723:0.124009
,
(
QHA24709:0.020786
,
(
(
AFU92121:0.000294855
,
AFU92130:0.000294855
):0.00666417
,
(
(
AFU92094:0.000774222
,
(
AFU92085:0.000663619
,
(
AFU92069:0.000294942
,
AFU92077:0.000294942
):0.000368677
):0.000110603
):0.00480243
,
(
AFU92112:0.00294985
,
(
YP_006908641:0.000147493
,
AFU92103:0.000147493
):0.00280236
):0.0026268
):0.00138238
):0.013827
):0.103223
):0.0116383
):0.0313804
):0.0374034
):0.0031887
):0.00590754
):-0.00296661
):0.013445
):0.00840014
):-0.00525287
):0.0568004
):-0.0117342
):0.0469842
):0.0408179
,
(
(
(
(
(
YP_209229:0.00560585
,
(
AFO11505:0.000417827
,
AFO11514:0.000417827
):0.00518802
):0.0161482
,
(
(
AFG25758:0.00857308
,
(
(
YP_003029844:0
,
ACT11039:0
):0.00299777
,
AFG25768:0.00299777
):0.00557531
):0.0104845
,
(
(
AFD97615:0.000696476
,
ADI59786:0.000696476
):0.0124296
,
(
ATN37894:0.00368313
,
(
ATN37886:0.000539844
,
(
(
AGT17713:0
,
AAU06353:0
):0.000243801
,
(
(
AGT17746:0
,
AGT17735:0
):6.96573e-05
,
AGT17724:6.96573e-05
):0.000174143
):0.000296043
):0.00314328
):0.00944292
):0.00593152
):0.00269651
):0.111851
,
(
(
(
ARB07436:0.00609797
,
(
AZS52616:0.00134372
,
(
ABD75551:0.000698519
,
(
(
AYN64559:0
,
AAX76519:0
):0.000489374
,
ABD75623:0.000489374
):0.000209146
):0.000645196
):0.00475425
):0.0041203
,
(
(
ARB07596:7.07314e-05
,
(
ARB07605:0
,
ARB07614:0
):7.07314e-05
):0.00727734
,
(
(
ABC70717:0.000749264
,
(
ABD75519:0.000690611
,
(
ABD75527:0.000541734
,
(
ABD75639:0.000455055
,
(
ABD75511:6.98129e-05
,
ABD75631:6.98129e-05
):0.000385242
):8.66796e-05
):0.000148877
):5.86528e-05
):0.00221529
,
(
(
ABD75615:0.000845195
,
(
(
ABD75567:0.000531086
,
(
ABD75607:0.00049111
,
(
AGW27870:0.000491504
,
(
ABD75575:0.000279291
,
ABD75583:0.000279291
):0.000212213
):-3.93891e-07
):3.99761e-05
):0.000216388
,
(
ABD75535:0.000671267
,
(
ABD75543:0.000578816
,
(
ABD75599:0.000531655
,
(
ABD75647:0.000331195
,
(
ABD75591:0.000313764
,
(
AMN88692:6.97253e-05
,
AMN88684:6.97253e-05
):0.000244038
):1.74313e-05
):0.00020046
):4.71604e-05
):9.24515e-05
):7.62072e-05
):9.77204e-05
):0.00101004
,
(
ABD75503:0.00112183
,
(
(
(
AGW27843:0.000383703
,
(
AGW27834:0.00020842
,
AGT17767:0.00020842
):0.000175283
):8.7723e-05
,
(
AGW27852:0.00028023
,
(
AGW27861:0
,
AGW27879:0
):0.00028023
):0.000191196
):0.000496614
,
(
(
(
YP_173236:0
,
AAT98578:0
):0.000278474
,
ABD75559:0.000278474
):0.000348092
,
ADN03337:0.000626566
):0.000341473
):0.000153788
):0.000733407
):0.00110932
):0.00438351
):0.0028702
):0.097195
,
(
AYR18613:0.0199944
,
AYR18596:0.0199944
):0.0874189
):0.026192
):0.0219356
,
(
(
(
AJA91204:0.000420109
,
(
(
YP_009113022:0
,
AJA91194:0
):0.000280073
,
AJA91214:0.000280073
):0.000140036
):0.0125509
,
(
(
AYR18676:0.00245167
,
AYR18649:0.00245167
):0.00137838
,
(
AYR18604:0.00343371
,
(
AYR18667:0.00269685
,
(
AYR18622:0.000912281
,
(
AYR18631:0.000139821
,
(
AYR18640:0
,
AYR18685:0
):0.000139821
):0.00077246
):0.00178457
):0.000736855
):0.000396341
):0.00914097
):0.132548
,
(
(
(
(
ARC95225:0.000528541
,
(
ARC95273:0.000211416
,
(
(
ARC95233:0
,
ARC95241:0
):0
,
ARC95257:0
):0.000211416
):0.000317125
):0.00508329
,
(
(
(
ARC95249:7.04821e-05
,
ARC95217:7.04821e-05
):0.000281928
,
(
ARC95265:0.000211446
,
ARC95209:0.000211446
):0.000140964
):0.00486326
,
(
ARC95200:0.0053562
,
(
(
AVV64331:0
,
AUF40271:0
):0.003947
,
AAY68294:0.003947
):0.0014092
):-0.000140527
):0.00039616
):0.0162471
,
(
(
AQT26494:0.00960824
,
(
(
(
(
AHN64771:0.000951508
,
(
ALA50077:0.000493375
,
(
AHN64780:0
,
AHN64789:0
):0.000493375
):0.000458134
):0.00300909
,
(
QEY10654:0.00309306
,
(
ARD06006:0.00181568
,
(
AVI15007:0.000881026
,
(
(
(
AVI15018:0
,
AVI15029:0
):0
,
AVI15040:0
):0.000493375
,
AVI15051:0.000493375
):0.000387652
):0.000934656
):0.00127738
):0.00086754
):0.000935646
,
(
QEY10630:0.00571965
,
(
(
AAA64744:0.00299549
,
(
AFW97356:0.00296025
,
(
ACT11027:0.00133916
,
ACJ35483:0.00133916
):0.00162109
):3.52412e-05
):0.00219417
,
(
ANJ04725:0.00469972
,
(
ANJ04714:0.00474322
,
(
AVN88335:0.00337874
,
(
(
(
ACT10980:0
,
ABG89291:0
):0.00125987
,
(
ACT11016:0.000845785
,
(
(
NP_150073:0.000140964
,
AAK83365:0.000140964
):0.000493375
,
(
(
ACT11004:0
,
ACT10992:0
):0.000422893
,
AAL57305:0.000422893
):0.000211446
):0.000211446
):0.000414082
):0.0010743
,
(
AVZ61106:0.00181491
,
(
AVZ61126:0.00165633
,
(
AVZ61096:0.0011982
,
AVZ61116:0.0011982
):0.000458134
):0.000158585
):0.000519255
):0.00104457
):0.00136449
):-4.35007e-05
):0.000489933
):0.000529992
):-0.000823406
):0.00154131
,
(
QEY10622:0.00481176
,
(
QEY10662:0.000317259
,
(
QEY10638:0.000141004
,
QEY10646:0.000141004
):0.000176255
):0.0044945
):0.00162579
):0.00317069
):0.011599
,
(
QEG03810:0.0128843
,
(
(
(
(
(
(
AGT51777:0
,
AGT51707:0
):7.04722e-05
,
AGT51548:7.04722e-05
):0.000352361
,
(
(
(
(
AGT51538:0
,
AGT51419:0
):0
,
AGT51458:0
):0
,
AGT51468:0
):0.000352361
,
AGT51558:0.000352361
):7.04722e-05
):0.000297304
,
(
AGT51657:0.000735553
,
(
AGT51409:0.000414024
,
(
AGT51677:0.000405215
,
(
AGT51577:0.000105708
,
(
AGT51637:7.04722e-05
,
AGT51667:7.04722e-05
):3.52361e-05
):0.000299507
):8.80903e-06
):0.000321529
):-1.54158e-05
):0.00322056
,
(
(
AGT51647:0.000140944
,
AGT51787:0.000140944
):0.00298594
,
(
(
AMK59674:0.00114297
,
(
(
AVQ05261:0.000493305
,
ARK08667:0.000493305
):0.000806025
,
(
AIV41834:0.00111875
,
(
AIV41894:0.000757576
,
(
AJC98133:0.000528541
,
(
ATP16764:0.000493305
,
AJC98124:0.000493305
):3.52361e-05
):0.000229035
):0.00036117
):0.000180585
):-0.00015636
):0.00198166
,
(
(
(
(
YP_009555238:0
,
AAT84351:0
):0
,
AAT84359:0
):0.000352361
,
AAR01012:0.000352361
):0.00238824
,
(
(
AIV41858:0.000105708
,
(
AIV41852:7.04722e-05
,
AIV41888:7.04722e-05
):3.52361e-05
):0.00171938
,
(
AEN19355:0.00174753
,
(
(
AIV41780:0.000634249
,
AIV41786:0.000634249
):0.00119834
,
(
(
ATP16754:0.000444856
,
(
AGT51727:0.000325934
,
(
AGT51448:0.000158562
,
(
AGT51587:0.00017618
,
(
AGT51607:7.04722e-05
,
AGT51528:7.04722e-05
):0.000105708
):-1.7618e-05
):0.000167371
):0.000118922
):0.00104504
,
(
(
AIV41792:0.000493305
,
AAX85666:0.000493305
):0.000719174
,
(
(
(
AGT51617:0.000140944
,
AGT51508:0.000140944
):0.000211416
,
AGT51488:0.000352361
):0.000539828
,
(
(
AGT51498:0.000317125
,
(
AGT51797:7.04722e-05
,
AGT51438:7.04722e-05
):0.000246653
):0.000427788
,
(
AGT51518:0.000652969
,
(
(
AGT51767:0
,
AGT51757:0
):0.000583598
,
(
(
AGT51627:0.000105708
,
(
AGT51697:7.04722e-05
,
AGT51747:7.04722e-05
):3.52361e-05
):0.000251057
,
(
AGT51717:0.000325934
,
(
AGT51687:0.000229035
,
(
AGT51478:0.00017618
,
(
AGT51597:7.04722e-05
,
AGT51568:7.04722e-05
):0.000105708
):5.28541e-05
):9.68992e-05
):3.08316e-05
):0.000226832
):6.9371e-05
):9.19441e-05
):0.000147276
):0.000320291
):0.000277415
):0.000342692
):-8.50577e-05
):7.75597e-05
):0.000915514
):0.000384027
):2.2559e-06
):0.000813816
):0.00301357
,
(
QEG03736:0.0059766
,
(
(
ARK08675:0.00175891
,
(
ARK08657:0.00126272
,
(
ARU07606:0.000974498
,
(
ATN39869:0.000681598
,
(
(
AZP73837:0.000281889
,
ATN39877:0.000281889
):0.000235641
,
(
APU51933:0.000436047
,
(
ARU07583:0.000378788
,
(
AXX83378:0.000334743
,
(
APU51939:0.000246653
,
(
(
(
ARU07564:0.000140944
,
ARK08647:0.000140944
):0
,
APU51923:0.000140944
):7.04722e-05
,
ARA15417:0.000211416
):3.52361e-05
):8.80902e-05
):4.40451e-05
):5.72586e-05
):8.14834e-05
):0.000164068
):0.0002929
):0.00028822
):0.000496196
):0.00104185
,
(
ARK08632:0.00265838
,
(
(
ATN39862:0.00147764
,
(
QEG03773:0.00126396
,
(
QEG03800:0.000836582
,
(
AIV41876:0.000334192
,
(
AIV41840:0.000386496
,
(
AQN78693:0.00034135
,
(
AQN78733:0.00013654
,
(
AQN78725:0.000132135
,
(
AQN78677:0.000123326
,
(
AQN78757:0.000105708
,
(
(
(
AQN78661:0
,
AQN78709:0
):0
,
AQN78741:0
):7.04722e-05
,
AQN78685:7.04722e-05
):3.52361e-05
):1.7618e-05
):8.80902e-06
):4.4045e-06
):0.00020481
):4.51463e-05
):-5.23036e-05
):0.00050239
):0.000427375
):0.000213688
):0.000417862
,
(
(
QDH43722:0.000845666
,
(
AWW13571:0.000563777
,
(
(
(
(
AWW13572:0
,
AWW13516:0
):0
,
AWW13508:0
):0
,
AWW13532:0
):0
,
AWW13548:0
):0.000563777
):0.000281889
):0.000962217
,
(
(
QBQ01836:0.000823643
,
(
AXX83306:0.000519732
,
(
AXX83294:0.000475687
,
(
AXX83366:0.00017618
,
(
AXX83348:7.04722e-05
,
AXX83360:7.04722e-05
):0.000105708
):0.000299507
):4.40451e-05
):0.000303911
):0.000996771
,
(
AIV41846:0.00177188
,
(
(
(
QBP84737:0.000458069
,
(
QBP84746:0.000352361
,
QBP84701:0.000352361
):0.000105708
):0.000618472
,
(
QBP84719:0.00113179
,
(
(
QEG03790:0.000317125
,
(
QEG03753:7.04722e-05
,
QEG03763:7.04722e-05
):0.000246653
):0.00058986
,
(
AQN78773:0.000686415
,
(
(
QBP84728:0.000336394
,
(
AQN78765:0.000249956
,
(
QBP84710:0.000218023
,
(
(
AIV41870:0
,
AIV41882:0
):0.000154158
,
(
AQN78653:0.000167371
,
(
AQN78701:0.000193798
,
(
AQN78717:0.000105708
,
(
AQN78669:7.04722e-05
,
AQN78749:7.04722e-05
):3.52361e-05
):8.80902e-05
):-2.64271e-05
):-1.32135e-05
):6.38654e-05
):3.19327e-05
):8.64385e-05
):0.00019077
,
(
AXX83318:0.000576991
,
(
(
AXX83336:0.000140944
,
AXX83342:0.000140944
):0.000308316
,
(
AXX83372:0.000334743
,
(
AXX83330:0.000246653
,
(
AXX83300:0.000211416
,
AXX83312:0.000211416
):3.52361e-05
):8.80902e-05
):0.000114517
):0.000127731
):-4.9826e-05
):0.000159251
):0.00022057
):0.000224802
):-5.52456e-05
):0.000396235
,
(
(
AIV41990:0.000731149
,
(
AIX09796:0.000475687
,
(
AIV41966:0.000387597
,
(
AIV42008:0.000211416
,
AIX09804:0.000211416
):0.00017618
):8.80902e-05
):0.000255462
):0.000717567
,
(
AIV41774:0.00162029
,
(
AIV41816:0.00164865
,
(
(
AXX83324:0.000140944
,
AXX83354:0.000140944
):0.00102259
,
(
AOL02450:0.00105967
,
(
(
AEN19363:0.000281889
,
AAX85675:0.000281889
):0.000850631
,
(
AIV41978:0.00144016
,
(
AIV42002:0.00149293
,
(
AIV41996:0.00108279
,
(
(
(
ARE30011:0
,
ARE30020:0
):0.000140944
,
ARB07430:0.000140944
):0.000805077
,
(
AIV41828:0.000949753
,
(
AIV41984:0.000910409
,
(
(
(
(
ARE29993:0
,
ARE30002:0
):0
,
ARB07417:0
):0
,
ARB07411:0
):0.000802842
,
(
AIV41936:0.000831042
,
(
AIV41798:0.000533427
,
(
AIV41912:0.000511818
,
(
AIV41804:0.000459996
,
(
AIV41810:0.000443754
,
(
AIV41960:0.000430541
,
(
AIV41930:0.000438249
,
(
AIV41972:0.00044926
,
(
AIV41948:0.000343552
,
(
AIV41864:0.000264271
,
(
AIV41822:0.000246653
,
(
AIV41942:0.000211416
,
(
(
AIV41954:7.04722e-05
,
AIV41906:7.04722e-05
):7.04722e-05
,
(
AIV41918:7.04722e-05
,
(
AIV41924:0
,
AIV41900:0
):7.04722e-05
):7.04722e-05
):7.04722e-05
):3.52361e-05
):1.7618e-05
):7.92812e-05
):0.000105708
):-1.10113e-05
):-7.70789e-06
):1.32135e-05
):1.62417e-05
):5.18218e-05
):2.16096e-05
):0.000297614
):-2.81992e-05
):0.000107566
):3.93438e-05
):-3.73134e-06
):0.000136772
):0.000410133
):-5.277e-05
):-0.000307637
):-7.28512e-05
):0.000103865
):0.000485119
):-2.83613e-05
):-0.000171575
):2.40604e-05
):0.000299104
):4.85341e-05
):-1.25311e-05
):8.76236e-05
):0.000762874
):0.000142379
):0.00317584
):0.000977676
):0.00593001
):0.00832292
):0.000651743
):0.0770153
,
(
ABP87986:0.0728439
,
(
AFE48811:0.00206917
,
(
AFE48822:0.00172244
,
(
(
YP_005454239:0
,
AFE48800:0
):0.00111872
,
AFE48810:0.00111872
):0.000603716
):0.000346726
):0.0707747
):0.0260303
):0.0466449
):0.0100219
):0.173358
,
(
(
(
(
AIA62351:0.00617411
,
(
AWH65875:0.00435027
,
AWH65886:0.00435027
):0.00182385
):0.0102332
,
(
AWH65897:0.0154048
,
(
ABG47051:0.00897468
,
(
QHA24677:0.00808897
,
(
ABN10865:0.00249333
,
(
(
YP_001039952:0
,
ABN10838:0
):7.02346e-05
,
(
ABN10847:0
,
ABN10856:0
):7.02346e-05
):0.00242309
):0.00559564
):0.000885706
):0.00643016
):0.00100244
):0.154306
,
(
(
AWH65930:0.0101554
,
(
(
ABN10892:0.000243767
,
(
ABN10901:6.96476e-05
,
ABN10883:6.96476e-05
):0.000174119
):0.00686899
,
(
AWH65908:0.00707583
,
(
(
YP_001039961:0
,
ABN10874:0
):0.00638885
,
(
QHA24686:0.00647723
,
(
AWH65919:0.00473406
,
AIA62342:0.00473406
):0.00174317
):-8.8376e-05
):0.00068698
):3.69293e-05
):0.0030426
):0.17134
,
(
(
(
QGA70701:0.00141163
,
QGA70691:0.00141163
):0.0873977
,
(
QCC20711:0.023591
,
(
(
YP_009513008:0
,
AGT28262:0
):0.0136364
,
AGT28265:0.0136364
):0.00995463
):0.0652183
):0.0539515
,
(
(
(
(
(
(
AXG21663:0.00167079
,
(
QBF80541:0.00133592
,
(
QBF80609:0.000974551
,
(
QDP16204:0.00106605
,
(
QBF80585:0.00101037
,
(
QDP16215:0.000954843
,
(
QBF80519:0.000780665
,
(
(
QBF80552:0.000132453
,
(
QBF80475:0.000123622
,
(
QBF80464:0.000105962
,
(
QGW51907:7.06414e-05
,
(
(
QGW51896:0
,
QBF80453:0
):0
,
QBF80486:0
):7.06414e-05
):3.53207e-05
):1.76603e-05
):8.83019e-06
):0.00046887
,
(
(
QBF80596:0.000141283
,
QBF80497:0.000141283
):0.000513892
,
(
AXN92258:0.000607799
,
(
QBF80530:0.00051691
,
(
AYM48029:0.000468689
,
(
QBF80508:0.000440681
,
(
(
QEJ82213:0
,
QEJ82224:0
):0.000581136
,
(
ATG84820:0.000394047
,
(
AXG21641:0.000364245
,
(
(
(
QGW51918:0
,
QBF80563:0
):7.06414e-05
,
QBF80574:7.06414e-05
):0.000234
,
(
ATG84842:0.000256075
,
(
ATG84688:0.000229585
,
(
AXN73523:0.000176604
,
(
ATG84809:7.06414e-05
,
ATG84710:7.06414e-05
):0.000105962
):5.29811e-05
):2.64905e-05
):4.8566e-05
):5.96037e-05
):2.98019e-05
):0.000187089
):-0.000140455
):2.80082e-05
):4.8221e-05
):9.08888e-05
):4.7376e-05
):-5.3852e-05
):0.000179341
):0.000174178
):5.55298e-05
):5.56756e-05
):-9.14974e-05
):0.000361371
):0.000334867
):0.00052998
,
(
(
AZK15898:0.00144923
,
(
(
(
AXN73468:0.000105962
,
(
AXN73424:7.06414e-05
,
(
(
(
(
(
(
(
(
(
(
(
AXN73490:0
,
AXN73457:0
):0
,
AXN73402:0
):0
,
AXN73501:0
):0
,
AXN73413:0
):0
,
AXN73379:0
):0
,
AXN73368:0
):0
,
AYJ71479:0
):0
,
AYJ71468:0
):0
,
AMQ49046:0
):0
,
AMQ49068:0
):0
,
AMQ49035:0
):7.06414e-05
):3.53207e-05
):0.000158943
,
(
AYO86697:0.000141283
,
AXN73446:0.000141283
):0.000123622
):0.000829687
,
(
AWU59319:0.00103292
,
(
(
ATY74379:0.000176604
,
(
AVK87459:7.06414e-05
,
AVK87448:7.06414e-05
):0.000105962
):0.000567598
,
(
AXG21652:0.000714382
,
(
ATG84875:0.000670473
,
(
(
ATG84897:0.000105962
,
(
ATG84908:7.06414e-05
,
ATG84919:7.06414e-05
):3.53207e-05
):0.000468965
,
(
ANF29160:0.000597969
,
(
AWM99580:0.000396806
,
(
(
AXN73391:7.06414e-05
,
AMQ49024:7.06414e-05
):0.000228481
,
(
ANF29270:0.000315679
,
(
(
(
ANF29259:0
,
ANF29182:0
):0
,
ANF29248:0
):0.00024283
,
(
ATG84886:0.000203094
,
(
ATG84831:0.000123622
,
(
ARQ84755:0.000105962
,
(
(
ARQ84777:0
,
ARQ84766:0
):7.06414e-05
,
ARQ84744:7.06414e-05
):3.53207e-05
):1.76603e-05
):7.94716e-05
):3.97358e-05
):7.2849e-05
):-1.65566e-05
):9.76838e-05
):0.000201162
):-2.30413e-05
):9.55454e-05
):4.39094e-05
):2.98191e-05
):0.000288714
):6.16775e-05
):0.000354641
):0.000669236
,
(
(
AXN92247:0.000403843
,
(
AVK87327:0.000303261
,
(
AVK87437:0.000323957
,
(
AVK87338:0.000263802
,
(
AVK87393:0.000245037
,
(
ATY74412:0.000189849
,
(
AVK87426:0.000132453
,
(
AXN92236:0.000123622
,
(
(
(
(
AVK87349:0
,
AVK87360:0
):0
,
ATY74401:0
):0
,
ATY74390:0
):0.000105962
,
(
(
(
(
(
AVK87316:0
,
AVK87404:0
):0
,
AVK87415:0
):0
,
AVK87382:0
):0
,
AXN73357:0
):7.06414e-05
,
AVK87371:7.06414e-05
):3.53207e-05
):1.76603e-05
):8.83019e-06
):5.73962e-05
):5.51886e-05
):1.87641e-05
):6.01556e-05
):-2.06957e-05
):0.000100581
):0.00166468
,
(
(
ALA49351:0.000830313
,
(
(
(
(
ALA49549:0
,
ALA49560:0
):0
,
ALA49571:0
):0
,
ALA49384:0
):0.000671645
,
(
ALA49659:0.000527603
,
(
ALA50066:0.000284773
,
(
(
(
(
ALA49626:0
,
ALA49615:0
):0
,
ALA49637:0
):0
,
ALA49670:0
):0.000273735
,
(
(
(
(
ALA49373:0
,
ALA49692:0
):0
,
ALA49703:0
):0
,
ALA49681:0
):0.000150113
,
(
ALA49648:0.000158943
,
(
(
ALA49802:0
,
ALA49813:0
):0.000105962
,
(
(
AMQ48991:0
,
AMQ49002:0
):7.06414e-05
,
ALW82751:7.06414e-05
):3.53207e-05
):5.29811e-05
):-8.83019e-06
):0.000123622
):1.10377e-05
):0.00024283
):0.000144042
):0.000158667
):0.000855827
,
(
(
ATG84677:0.000582792
,
(
ANF29237:0.000317886
,
(
ATG84721:7.06414e-05
,
(
(
ATG84743:0
,
ANF29171:0
):0
,
ANF29204:0
):7.06414e-05
):0.000247245
):0.000264905
):0.000614748
,
(
(
ATG84732:0.000282566
,
ANF29226:0.000282566
):0.00117291
,
(
(
ASU90888:0.000423849
,
ASU91217:0.000423849
):0.000950829
,
(
(
ATG84864:0.000609282
,
(
(
AXN73512:7.06414e-05
,
ANF29215:7.06414e-05
):0.000282566
,
(
ATG84787:0.000105962
,
(
ATG84765:7.06414e-05
,
ATG84776:7.06414e-05
):3.53207e-05
):0.000247245
):0.000256075
):0.000703907
,
(
ALD51902:0.00170365
,
(
ANF29193:0.00140286
,
(
ATG84699:0.00171078
,
(
AXN92226:0.00160831
,
(
ALA50033:0.00120207
,
(
ASU90547:0.00135221
,
(
ATG84798:0.000950907
,
(
ASU90173:0.000855603
,
(
(
(
(
(
(
ALA49736:0
,
ALA49714:0
):0
,
ALA49725:0
):0
,
ALA49747:0
):7.06414e-05
,
(
(
(
ALA49758:0
,
ALA49780:0
):0
,
ALA49769:0
):0
,
ALA49791:0
):7.06414e-05
):0.000158943
,
(
ALA49593:0.000105962
,
(
(
(
(
(
(
(
(
(
ALA49494:0
,
ALA49582:0
):0
,
ALA49604:0
):0
,
ALA49461:0
):0
,
ALA49472:0
):0
,
ALA49483:0
):0
,
ALA49527:0
):0
,
ALA49505:0
):0
,
ALA49516:0
):7.06414e-05
,
ALA49538:7.06414e-05
):3.53207e-05
):0.000123623
):0.000465824
,
(
(
(
(
(
(
AQZ41363:0
,
AQZ41352:0
):0
,
AQZ41341:0
):0
,
AQZ41385:0
):7.06414e-05
,
ALW82656:7.06414e-05
):0.000216477
,
(
AKJ80135:0.000291672
,
(
ALA49846:0.000300778
,
(
ANC28698:0.000312368
,
(
AKS48060:0.000214132
,
(
AKL59399:0.000145698
,
(
(
ALB08331:0
,
ALB08320:0
):0.000150113
,
(
(
ALB08256:0
,
ALB08244:0
):0.000158943
,
(
(
(
AML60268:0
,
ALB08309:0
):0
,
ALB08298:0
):0.000105962
,
(
(
(
(
(
QCQ29073:0
,
AQZ41374:0
):0
,
ANC28643:0
):0
,
ANC28676:0
):0
,
ANC28654:0
):7.06414e-05
,
(
(
(
(
ANC28665:0
,
ANC28687:0
):0
,
ANC28709:0
):0
,
ALB08287:0
):0
,
ALB08276:0
):7.06414e-05
):3.53207e-05
):5.29811e-05
):-8.83019e-06
):-4.41508e-06
):6.84339e-05
):9.82357e-05
):-1.15896e-05
):-9.10612e-06
):-4.55306e-06
):0.000450253
,
(
ALA50044:0.000726974
,
(
(
AQZ41320:0.000141283
,
ALW82678:0.000141283
):0.000470598
,
(
(
(
(
ASU91162:0
,
ASU91173:0
):0.000141283
,
ASU91107:0.000141283
):0.000176604
,
(
ASU90899:0.000211924
,
ASU91019:0.000211924
):0.000105962
):0.000371027
,
(
ALA49362:0.000776961
,
(
ALW82707:0.000727201
,
(
AXN73479:0.000836291
,
(
ATG84754:0.000747635
,
(
ASU90811:0.000653237
,
(
ASU90074:0.000640542
,
(
ASU90800:0.000541504
,
(
ASU91052:0.000744988
,
(
ASU90206:0.0005226
,
(
ASU90052:0.000723702
,
(
ASU90162:0.000576255
,
(
AXN73435:0.000663677
,
(
(
AMQ49013:0.000211924
,
(
(
(
(
(
(
ALA49978:0
,
ALA49956:0
):0
,
ALA49989:0
):0
,
ALA49967:0
):0
,
ALA50000:0
):0
,
ALA50022:0
):0
,
ALA50011:0
):0.000211924
):0.000513576
,
(
AKK52620:0.000606112
,
(
ALA49450:0.000566272
,
(
ALA49857:0.000569621
,
(
(
(
ALA49890:0
,
ALA49879:0
):0
,
ALA49868:0
):0.000585986
,
(
ALW82729:0.000513037
,
(
ANI69909:0.000602225
,
(
ASU90734:0.000349671
,
(
(
ASU91063:0.000141283
,
ASU91096:0.000141283
):0.000278942
,
(
ASU90932:0.000427363
,
(
(
QFQ59585:7.06414e-05
,
AZU90729:7.06414e-05
):0.000240287
,
(
(
ASU90228:7.06414e-05
,
ASU90019:7.06414e-05
):0.000196905
,
(
(
AKK52590:0
,
AKK52610:0
):0.000325376
,
(
ALA49934:0.000358663
,
(
ALW82718:0.000312523
,
(
ANI69920:0.00034248
,
(
ASU90107:0.000278764
,
(
ASU90492:0.000334545
,
(
ASU90008:0.000338019
,
(
ASU90151:0.000252208
,
(
AKK52600:0.00022185
,
(
ALA50055:0.000231223
,
(
(
ALA49923:0
,
ALA49912:0
):0.000180984
,
(
ALA49439:0.000218478
,
(
ALW82667:0.000158805
,
(
ALW82689:0.000176328
,
(
ALW82645:0.000140731
,
(
ALW82634:0.000140179
,
(
AMQ49057:0.000139075
,
(
ASU90690:0.000136868
,
(
(
ASU90030:0
,
ASU90866:0
):0.000132453
,
(
ASU90184:0.000123622
,
(
(
ASU90063:0
,
ASU89931:0
):0.000105962
,
(
(
(
(
(
(
(
(
(
(
(
ASU91008:0
,
ASU90986:0
):0
,
ASU90646:0
):0
,
ASU90261:0
):0
,
ASU90118:0
):0
,
ASU90349:0
):0
,
ASU90129:0
):0
,
ASU90657:0
):0
,
ASU90997:0
):0
,
ASU90668:0
):0
,
ASU90283:0
):7.06414e-05
,
(
(
(
(
(
(
ASU90921:0
,
ASU90910:0
):0
,
ASU90712:0
):0
,
ASU89930:0
):0
,
ASU90613:0
):0
,
ALW82740:0
):0
,
ALA49824:0
):7.06414e-05
):3.53207e-05
):1.76603e-05
):8.83019e-06
):4.41508e-06
):2.20755e-06
):1.10376e-06
):5.51896e-07
):3.55967e-05
):-1.75224e-05
):5.96727e-05
):-3.74938e-05
):5.02389e-05
):-9.37344e-06
):3.03581e-05
):8.58118e-05
):-3.47407e-06
):-5.57809e-05
):6.37151e-05
):-2.99569e-05
):4.61407e-05
):-3.32877e-05
):-5.78295e-05
):4.33824e-05
):0.000116434
):-7.13806e-06
):-7.05542e-05
):0.000252554
):-8.91882e-05
):7.29491e-05
):-1.63649e-05
):-3.34886e-06
):3.98398e-05
):0.000119388
):-6.18231e-05
):-8.7422e-05
):0.000147447
):-0.000201102
):0.000222388
):-0.000203484
):9.90379e-05
):1.26954e-05
):9.43979e-05
):8.86562e-05
):-0.00010909
):4.97603e-05
):-8.80485e-05
):-7.70323e-05
):0.000115093
):1.03978e-05
):-4.19632e-05
):0.000160195
):9.53039e-05
):0.000401303
):-0.000150136
):0.000406234
):0.000102476
):-0.000307921
):0.000300789
):-0.000390464
):6.14885e-05
):8.08024e-05
):-0.00025794
):0.0004886
):0.000382384
):4.99466e-05
):8.22989e-05
):0.00126867
,
(
ANI69887:0.00307204
,
(
(
(
YP_009047202:0
,
AFS88944:0
):0.00109494
,
(
AHY21468:7.06414e-05
,
AGH58716:7.06414e-05
):0.0010243
):0.000946563
,
(
(
(
(
(
AKI29283:0
,
AKI29263:0
):0
,
AKI29273:0
):0
,
AKI29253:0
):0.000847973
,
(
ANI69898:0.000848249
,
(
ALA49901:0.000722971
,
(
AQZ41330:0.000708622
,
(
AHY22553:0.000693169
,
(
ALA49417:0.00048566
,
(
(
(
ALA49428:0
,
ALA49395:0
):0
,
ALA49406:0
):0.000406188
,
(
AHY22533:0.000176604
,
(
QCI31467:7.06414e-05
,
AHY22523:7.06414e-05
):0.000105962
):0.000229585
):7.94716e-05
):0.000207509
):1.54529e-05
):1.4349e-05
):0.000125278
):-2.75904e-07
):0.000690812
,
(
(
(
ALA49340:0.000731937
,
(
AHI48581:0.000486836
,
(
AHI48548:0.000441002
,
(
AHN10810:0.000305437
,
(
(
AHE78095:0
,
AHE78106:0
):0.000141283
,
AHI48592:0.000141283
):0.000164154
):0.000135565
):4.58339e-05
):0.000245101
):0.000250044
,
(
AHY22543:0.000983944
,
(
AGV08388:0.000643361
,
(
(
AHI48603:0.000374731
,
(
ALL26407:0.000307952
,
(
ALL26405:0.000333339
,
(
(
QCI31478:7.06414e-05
,
AHX71944:7.06414e-05
):0.000101547
,
(
AIL23943:0.000132453
,
(
AIZ48758:0.000123622
,
(
ALX27241:0.000105962
,
(
(
(
(
(
(
(
(
(
AYV64558:0
,
ASU45794:0
):0
,
AIL23932:0
):0
,
AIL23910:0
):0
,
AIL23954:0
):0
,
AIL23965:0
):0
,
AIL23976:0
):0
,
AIL23921:0
):0
,
AHZ64055:0
):7.06414e-05
,
(
AYV64569:0
,
AYP10307:0
):7.06414e-05
):3.53207e-05
):1.76603e-05
):8.83019e-06
):3.97358e-05
):0.000161151
):-2.53867e-05
):6.67782e-05
):2.8974e-05
,
(
AGN72639:0.00048566
,
(
AGV08406:0.000300226
,
(
AGV08377:0.000176604
,
(
(
YP_007188577:0
,
AFY13306:0
):7.06414e-05
,
AGG22540:7.06414e-05
):0.000105962
):0.000123622
):0.000185434
):-8.19551e-05
):0.000239657
):0.000340583
):-1.96346e-06
):0.000345999
,
(
(
AKN24802:0.000768226
,
(
AIL23987:0.00047683
,
(
AHZ58509:0.000247245
,
(
AKN24784:7.06414e-05
,
(
(
(
(
(
(
(
AKN24766:0
,
AKN24793:0
):0
,
AKN24811:0
):0
,
AKN24829:0
):0
,
AKN24820:0
):0
,
AKN24748:0
):0
,
AKN24757:0
):0
,
AKN24775:0
):7.06414e-05
):0.000176604
):0.000229585
):0.000291396
):0.000588882
,
(
(
AVV61898:0.00106997
,
(
ASU90250:0.000868393
,
(
AHY22563:0.000606523
,
(
AHI48526:0.000506631
,
(
(
(
AJD81438:0
,
AJD81449:0
):0
,
AID50417:0
):0.000448132
,
(
AGV08556:0.000185434
,
(
AGV08478:0.000238415
,
(
AGV08582:0.000194264
,
(
AGN70949:0.000105962
,
(
(
(
(
(
(
(
(
AHI48515:0
,
AGV08571:0
):0
,
AGV08490:0
):0
,
AGV08544:0
):0
,
AGV08442:0
):0
,
AGN70971:0
):0
,
AGN70960:0
):0
,
AGN70927:0
):7.06414e-05
,
AGV08533:7.06414e-05
):3.53207e-05
):8.83018e-05
):4.41509e-05
):-5.29811e-05
):0.000262698
):5.84999e-05
):9.98914e-05
):0.00026187
):0.000201576
):6.25039e-05
,
(
(
ASU91206:0.000927019
,
(
ASU90569:0.000953635
,
(
(
AJG44122:0.000326717
,
(
ANI69866:0.000229585
,
(
(
ANI69833:0
,
ANI69844:0
):0.000176604
,
(
ANI69876:7.06414e-05
,
ANI69855:7.06414e-05
):0.000105962
):5.29811e-05
):9.71319e-05
):0.000363705
,
(
(
AHI48570:0.000388528
,
(
AGV08453:0.000247245
,
(
ALX27230:0.000211924
,
(
AHI48559:0
,
AHI48537:0
):0.000211924
):3.53207e-05
):0.000141283
):0.000379746
,
(
(
AJG44111:7.06414e-05
,
AJG44100:7.06414e-05
):0.000801334
,
(
ASU90745:0.000845859
,
(
ASU91085:0.000641189
,
(
ASU90855:0.000626488
,
(
ASU90404:0.000680981
,
(
ASU90195:0.000637268
,
(
ASU90624:0.000663303
,
(
ASU91041:0.000659916
,
(
ASU90822:0.000463328
,
(
ASU90602:0.000609526
,
(
ASU90844:0.000577352
,
(
(
ASU45805:0.000141283
,
(
(
ASU45816:0
,
ASU45860:0
):0
,
ASU45849:0
):0.000141283
):0.000378269
,
(
(
ALT66869:7.06414e-05
,
ALT66879:7.06414e-05
):0.000544615
,
(
ASU90305:0.000435106
,
(
ASU90975:0.000335331
,
(
ASU90943:0.000388097
,
(
AQZ41305:0.000333581
,
(
(
ASU90503:0.000105962
,
(
AQZ41294:7.06414e-05
,
(
ASU90371:0
,
ASU90415:0
):7.06414e-05
):3.53207e-05
):0.000214615
,
(
(
AIY60586:0.000123622
,
(
AIY60516:0.000105962
,
(
(
(
(
ASU45772:0
,
AIY60526:0
):0
,
AIY60546:0
):0
,
AIY60566:0
):7.06414e-05
,
ASU45783:7.06414e-05
):3.53207e-05
):1.76603e-05
):0.000276909
,
(
ASU90525:0.000278978
,
(
ASU90382:0.000310712
,
(
(
ASU90877:0
,
ASU90778:0
):0.000360934
,
(
ASU90580:0.000324509
,
(
ASU90723:0.00024283
,
(
(
ASU45871:0
,
ASU45838:0
):0.000203094
,
(
AIY60536:0.000123622
,
(
(
ASU45827:0
,
AIY60556:0
):0.000105962
,
(
(
(
ASU45761:0
,
ASU45717:0
):0
,
ASU45739:0
):7.06414e-05
,
ASU45750:7.06414e-05
):3.53207e-05
):1.76603e-05
):7.94716e-05
):3.97358e-05
):8.16792e-05
):3.64245e-05
):-5.02217e-05
):-3.17334e-05
):0.000121553
):-7.99545e-05
):1.30038e-05
):5.4516e-05
):-5.27655e-05
):9.9775e-05
):0.00018015
):-9.57038e-05
):5.77999e-05
):3.21735e-05
):-0.000146197
):0.000196588
):3.38693e-06
):-2.60349e-05
):4.37123e-05
):-5.44926e-05
):1.47013e-05
):0.00020467
):2.61161e-05
):-0.000103701
):-7.78524e-05
):0.000263214
):-2.66162e-05
):-4.35322e-05
,
(
(
ASU90393:0.00048566
,
(
ASU90217:0.000406188
,
(
ASU91030:0.000247245
,
(
ASU90756:7.06414e-05
,
(
ASU90833:0
,
ASU90558:0
):7.06414e-05
):0.000176604
):0.000158943
):7.94716e-05
):0.000417381
,
(
(
(
ASU90140:0.000660738
,
(
ASU91260:0.000470847
,
(
(
ASU90426:0.000211924
,
ASU90272:0.000211924
):0.000254389
,
(
ASU90635:0.000537477
,
(
ASU90316:0.000534933
,
(
ASU89964:0.000404084
,
(
ASU90789:0.000449856
,
(
ASU91184:0.000344791
,
(
ASU91074:0.000384941
,
(
ASU91140:0.000248901
,
(
ASU89942:0.000215236
,
(
ASU91323:0.000214132
,
(
ASU89975:0.000154528
,
(
ASU91195:0.000167773
,
(
(
(
(
ASU91313:0
,
ASU91250:0
):0
,
ASU91303:0
):0
,
ASU91293:0
):0.000158943
,
(
ASU90096:0.000105962
,
(
(
(
(
(
(
(
ASU89953:0
,
ASU90976:0
):0
,
ASU90041:0
):0
,
ASU90591:0
):0
,
ASU90360:0
):0
,
ASU91271:0
):0
,
ALR69640:0
):7.06414e-05
,
(
(
(
(
(
ASU89997:0
,
ASU91151:0
):0
,
ASU89986:0
):0
,
ASU91129:0
):0
,
ASU91228:0
):0
,
ASU91118:0
):7.06414e-05
):3.53207e-05
):5.29811e-05
):8.83016e-06
):-1.32453e-05
):5.96037e-05
):1.10376e-06
):3.36651e-05
):0.00013604
):-4.01497e-05
):0.000105065
):-4.57721e-05
):0.000130849
):2.54391e-06
):-7.11632e-05
):4.53371e-06
):0.000189891
):-0.00015972
,
(
ASU90437:0.000353207
,
ASU90239:0.000353207
):0.000147811
):0.00033199
,
(
(
ASU90459:0.000423849
,
(
ASU90954:0.000282566
,
ASU90338:0.000282566
):0.000141283
):0.000346524
,
(
(
ALA49835:7.06414e-05
,
ALA49945:7.06414e-05
):0.0006351
,
(
(
ASU90514:0.000317886
,
(
ASU91239:7.06414e-05
,
ASU90767:7.06414e-05
):0.000247245
):0.000338686
,
(
(
AJG44056:0.000194264
,
(
AJG44078:0.000105962
,
(
ANI69822:7.06414e-05
,
(
AJG44089:0
,
AJG44067:0
):7.06414e-05
):3.53207e-05
):8.83018e-05
):0.000297122
,
(
AHB33324:0.000507597
,
(
ASU90481:0.000493662
,
(
(
ASU45704:7.06414e-05
,
ASU45706:7.06414e-05
):0.000405636
,
(
ASU90679:0.00041833
,
(
ASU90085:0.000479037
,
(
ASU90536:0.000534226
,
(
ASU45728:0.000326717
,
(
(
AIY60576:0.000211924
,
(
AKM76237:0.000141283
,
(
(
(
AKM76247:0
,
AHX00720:0
):0
,
AHX00730:0
):0
,
AHX00710:0
):0.000141283
):7.06414e-05
):1.76604e-05
,
(
AGV08465:0.000176604
,
(
ASU90470:7.06414e-05
,
ASU90701:7.06414e-05
):0.000105962
):5.29811e-05
):9.71319e-05
):0.000207509
):-5.51886e-05
):-6.07075e-05
):5.79481e-05
):1.73844e-05
):1.39351e-05
):-1.62116e-05
):0.000165186
):4.91696e-05
):6.46311e-05
):6.26351e-05
):7.00327e-05
):-1.95542e-05
):0.000248987
):0.000224634
):-2.91272e-05
):0.000210805
):0.00050272
):0.00103053
):0.000397404
):0.00111088
,
(
(
(
QBM11735:0.000211924
,
QBM11746:0.000211924
):0.00220764
,
(
(
(
AXP07343:0
,
AXP07353:0
):0.000105962
,
(
QAT98897:7.06414e-05
,
QAT98908:7.06414e-05
):3.53207e-05
):0.00211941
,
(
AVN89289:0.000529886
,
(
AVN89300:7.06514e-05
,
AVN89311:7.06514e-05
):0.000459234
):0.00169549
):0.000194185
):0.00110917
,
(
(
AVN89322:0.001872
,
(
AVN89332:7.06414e-05
,
AVN89342:7.06414e-05
):0.00180136
):0.00118129
,
(
(
AVN89363:0.00254455
,
(
AVN89352:0.00141524
,
(
AVN89451:0.000428324
,
(
AVN89418:0.000273774
,
(
AVN89440:0.000273774
,
(
AVN89374:0.000194291
,
(
AVN89429:0.000105977
,
(
(
AVN89396:0
,
AVN89407:0
):7.06514e-05
,
AVN89385:7.06514e-05
):3.53257e-05
):8.83143e-05
):7.94828e-05
):0
):0.00015455
):0.000986912
):0.00112932
):0.000379005
,
(
AHL18091:0.00250777
,
(
QGV13494:0.000282566
,
QDI73607:0.000282566
):0.0022252
):0.000415789
):0.000129728
):0.000475446
):0.00105159
):0.0340309
,
(
ATQ39389:0.00720136
,
AGR87639:0.00720136
):0.0314099
):0.0602283
,
(
(
AUM60013:0.00275579
,
AUM60023:0.00275579
):0.0818215
,
(
(
AWH65952:0.00776699
,
AWH65941:0.00776699
):0.0588592
,
(
AHY61336:0.0602466
,
(
AVV62535:0.0335542
,
AVV62524:0.0335542
):0.0266924
):0.00637961
):0.0179511
):0.0142623
):0.0439212
):0.0387348
):-0.0107819
):0.138744
,
(
(
(
YP_009273004:0
,
AOG30821:0
):0.152692
,
(
QDF43839:0.0940243
,
(
(
ABN10918:0.00380269
,
(
ADM33581:0.00296972
,
ADM33565:0.00296972
):0.000832971
):0.0584144
,
(
(
YP_001039970:0
,
ABN10910:0
):0.0663709
,
(
AVP25405:0.0547507
,
(
ABN10934:0.0481186
,
(
ADM33573:0.00130001
,
(
ADM33557:0.000866676
,
ABN10926:0.000866676
):0.000433338
):0.0468186
):0.00663213
):0.0116202
):-0.00415387
):0.0318072
):0.0586681
):0.146274
,
(
(
YP_009072438:0
,
AIL94214:0
):0.27466
,
(
APO40578:0.0784877
,
(
(
(
AIA62276:0.00912564
,
(
ABG47059:0.00463356
,
(
AIA62289:0.00198076
,
AIA62299:0.00198076
):0.0026528
):0.00449208
):0.0148292
,
(
QDF43814:0.0232698
,
(
ABG47068:0.0206715
,
(
(
(
ADE34754:0.000141423
,
ADE34765:0.000141423
):0.00518831
,
(
ADE34811:0.00273628
,
(
(
(
AAZ41339:0
,
AAY88865:0
):0.000433352
,
(
ADE34721:0.000300693
,
(
ADE34743:0.000176878
,
(
ADE34732:7.07514e-05
,
AAZ41328:7.07514e-05
):0.000106127
):0.000123815
):0.000132659
):0.000367756
,
(
ADE34822:0.00046047
,
(
ADE34800:7.07814e-05
,
(
ADE34778:0
,
ADE34789:0
):7.07814e-05
):0.000389689
):0.000340638
):0.00193517
):0.00259345
):0.0129308
,
(
AIA62309:0.0153627
,
(
AIA62319:0.0144442
,
(
(
AKZ19074:0.000989679
,
AKZ19085:0.000989679
):0.010929
,
(
(
(
(
AAU04663:0.000821787
,
(
AAV49729:0.000406475
,
(
AAU04645:0.00024742
,
(
AAU04648:0.000212074
,
AAV91630:0.000212074
):3.53457e-05
):0.000159056
):0.000415312
):0.00108246
,
(
AAS00002:0.000848296
,
AAP51225:0.000848296
):0.00105595
):0.00068157
,
(
(
AAR86774:0.000218023
,
AAP82978:0.000218023
):0.00258356
,
(
(
AEA11012:0.000530185
,
(
AGT21077:0.000353457
,
AFM43866:0.000353457
):0.000176728
):0.00125704
,
(
AAX16193:0.00187843
,
(
(
(
ACZ72150:0.000481585
,
(
(
ACZ72004:0.000167892
,
(
AEA10757:0.00012371
,
(
(
AEA10532:0
,
AEA10772:0
):0.000106037
,
(
(
(
(
(
(
(
(
(
(
(
(
(
(
(
(
AEA10502:0
,
AEA10397:0
):0
,
AEA10487:0
):0
,
AEA10562:0
):0
,
AEA10577:0
):0
,
AEA10592:0
):0
,
AEA10742:0
):0
,
AEA10547:0
):0
,
AEA10472:0
):0
,
AEA10457:0
):0
,
AEA10607:0
):0
,
AEA10517:0
):0
,
AEA10412:0
):0
,
AEA10442:0
):0
,
AEA10427:0
):0
,
AEA10712:0
):7.06914e-05
,
AEA10727:7.06914e-05
):3.53457e-05
):1.76728e-05
):4.41821e-05
):0.000309275
,
(
(
ACZ72224:0.000194401
,
(
ACZ72034:0.000106037
,
(
(
ACZ72268:0
,
ACZ72135:0
):7.06914e-05
,
ACZ72077:7.06914e-05
):3.53457e-05
):8.83642e-05
):0.000132546
,
(
(
(
(
(
AYV99815:0
,
AYV99759:0
):0
,
AYV99787:0
):0
,
ACZ72209:0
):7.06914e-05
,
ABF65835:7.06914e-05
):0.000106037
,
(
(
(
(
(
(
(
(
(
(
(
(
(
(
(
AEA10652:0
,
AEA10637:0
):0
,
AEA10667:0
):0
,
AEA10622:0
):0
,
AEA10847:0
):0
,
AEA10862:0
):0
,
AEA10952:0
):0
,
AEA10682:0
):0
,
AEA10802:0
):0
,
AEA10982:0
):0
,
AEA10937:0
):0
,
AEA10697:0
):0
,
AEA10922:0
):0
,
AEA10787:0
):0
,
AEA10967:0
):7.06914e-05
,
(
(
(
(
AEA10817:0
,
AEA10832:0
):0
,
AEA10907:0
):0
,
AEA10877:0
):0
,
AEA10892:0
):7.06914e-05
):0.000106037
):0.000150219
):0.000150219
):4.41819e-06
):0.000203238
,
(
(
(
ACZ72239:0.000282765
,
ACZ72282:0.000282765
):0
,
ACZ72121:0.000282765
):0.000141383
,
ACZ71990:0.000424148
):0.000260674
):0.000574627
,
(
(
ACZ72019:0.000669911
,
(
ACZ72194:0.000632909
,
(
ACZ72253:0.000488212
,
(
ACZ71975:0.000410894
,
(
ACZ71796:0.000256256
,
(
ACZ72179:0.000229747
,
(
ACZ72165:0.000106037
,
(
ACZ72107:7.06914e-05
,
(
ACZ71960:0
,
ACZ71825:0
):7.06914e-05
):3.53457e-05
):0.00012371
):2.65093e-05
):0.000154637
):7.73187e-05
):0.000144696
):3.70025e-05
):0.000642811
,
(
(
ACB69904:0.000282765
,
(
ACB69882:0.000141383
,
(
(
ACB69893:0
,
ACB69871:0
):0
,
ACB69859:0
):0.000141383
):0.000141383
):0.000825153
,
(
AAR91584:0.000843982
,
(
(
AAP30028:0.00024742
,
(
AAP13566:0.000212074
,
(
AAY60779:0.000141383
,
AAY60791:0.000141383
):7.06914e-05
):3.53457e-05
):0.000381278
,
(
AAR14802:0.000733837
,
(
ABA02248:0.000619378
,
(
(
ACZ71840:0.00012371
,
(
ACZ71945:0.000106037
,
(
(
(
(
(
(
(
(
(
AEA10997:0
,
ACZ71870:0
):0
,
ACZ71900:0
):0
,
ACZ72064:0
):0
,
ACZ71885:0
):0
,
ACZ72092:0
):0
,
ACZ71766:0
):0
,
ACZ72049:0
):0
,
ACZ71855:0
):7.06914e-05
,
ACZ71915:7.06914e-05
):3.53457e-05
):1.76728e-05
):0.000389078
,
(
AAR87510:0.000515826
,
(
AAR23243:0.000457285
,
(
AAT76146:0.000355663
,
(
AAP41036:0.000309276
,
(
(
AAP50483:0
,
AAP33696:0
):0.000335786
,
(
AAR14810:0.000388807
,
(
ACZ71781:0.000388759
,
(
AFR58685:0.000282783
,
(
(
(
(
(
(
(
(
(
(
(
(
(
(
(
(
(
(
(
AGT21047:0
,
AGT21182:0
):0
,
AGT20897:0
):0
,
AGT20867:0
):0
,
AGT21227:0
):0
,
AGT20822:0
):0
,
AGT21002:0
):0
,
AGT21152:0
):0
,
AGT21212:0
):0
,
AGT20987:0
):0
,
AGT21017:0
):0
,
AGT20807:0
):0
,
AGT21122:0
):0
,
AGT21272:0
):0
,
AGT20837:0
):0
,
AGT21062:0
):0
,
AGT21137:0
):0
,
ACZ71810:0
):0
,
ACZ71751:0
):0.000282593
,
(
AAP94757:0.000141452
,
(
AAR23251:0.000141521
,
(
AAR87543:0.000141659
,
(
AAR87587:0.000141935
,
(
AAR87598:0.000142487
,
(
AAR87532:0.000143592
,
(
ADC35510:0.000145801
,
(
(
AFK10253:0
,
AFD56971:0
):0.000150219
,
(
(
AFR58699:0
,
AFR58741:0
):0.000159056
,
(
(
(
(
(
(
(
(
(
(
(
(
(
(
(
(
(
(
(
AGT20912:0
,
AGT21287:0
):0
,
AGT21257:0
):0
,
AGT21167:0
):0
,
AGT21242:0
):0
,
AGT20972:0
):0
,
AGT20852:0
):0
,
AGT21092:0
):0
,
AGT20882:0
):0
,
AGT20927:0
):0
,
AGT20957:0
):0
,
AGT21107:0
):0
,
AGT21032:0
):0
,
AGT20792:0
):0
,
AGT20942:0
):0
,
AGT21302:0
):0
,
AGT21197:0
):0
,
AGT21317:0
):0
,
ACZ71930:0
):0.000106037
,
(
(
(
(
(
(
(
(
(
(
(
(
(
(
(
(
(
(
(
(
(
(
(
(
NP_828849:0
,
AFR58727:0
):0
,
AFR58671:0
):0
,
AFR58713:0
):0
,
ADC35482:0
):0
,
ADC35496:0
):0
,
ACQ82723:0
):0
,
ACB69848:0
):0
,
ABI96956:0
):0
,
AAU81617:0
):0
,
AAR87565:0
):0
,
AAR87499:0
):0
,
AAR87521:0
):0
,
AAR87554:0
):0
,
AAR87576:0
):0
,
AAP94746:0
):0
,
AAP94735:0
):0
,
AAR14806:0
):0
,
AAQ94058:0
):0
,
AAQ01594:0
):0
,
AAP97879:0
):0
,
AAP72973:0
):0
,
AAP37015:0
):0
,
AAP30711:0
):7.06914e-05
,
(
(
(
(
AYV99773:0
,
AYV99801:0
):0
,
AYV99745:0
):0
,
AAQ01606:0
):0
,
AAP13442:0
):7.06914e-05
):3.53457e-05
):5.30185e-05
):-8.83642e-06
):-4.41821e-06
):-2.2091e-06
):-1.10455e-06
):-5.52274e-07
):-2.76137e-07
):-1.38069e-07
):-6.90343e-08
):0.000141141
):1.89873e-07
):0.000105977
):4.74683e-08
):-5.30207e-05
):-2.65103e-05
):4.63874e-05
):0.000101622
):5.85411e-05
):-3.03815e-06
):0.00010659
):0.000114459
):-0.00010514
):0.000215284
):0.000263936
):0.000204804
):-5.32726e-05
):0.000618985
):-9.12038e-05
):0.00101435
):-0.000215761
):0.00656701
,
(
ACU31044:0.00955269
,
(
QDF43819:0.00538221
,
(
AIA62329:0.00534638
,
(
ATO98143:0.00512816
,
(
ATO98130:0.00437817
,
(
(
ATO98167:0.00302206
,
(
ATO98191:0.00293369
,
(
ATO98179:0.00233281
,
(
(
ATO98203:0.000706914
,
ALK02468:0.000706914
):0.000989679
,
ATO98118:0.00169659
):0.000636222
):0.000600877
):8.83641e-05
):0.000492147
,
(
(
AGZ48817:0.00049484
,
AGZ48830:0.00049484
):0.00288399
,
(
AGZ48805:0.00330703
,
(
ATO98229:0.00282324
,
(
ATO98155:0.00251838
,
(
(
QDF43829:0.00130779
,
(
QDF43834:0.000918988
,
QDF43824:0.000918988
):0.000388802
):0.00127244
,
(
ATO98106:0.0016259
,
ATO98216:0.0016259
):0.000954333
):-6.18552e-05
):0.000304857
):0.000483794
):7.17959e-05
):0.000135377
):0.000863967
):0.000749991
):0.000218218
):3.58308e-05
):0.00417048
):-0.000399864
):0.0027658
):0.00252552
):0.00091858
):0.0028978
):0.00241097
):0.00259833
):0.000685051
):0.0459614
,
(
(
QIQ54047:0.00125212
,
(
QIA48640:0.000529063
,
(
(
QIA48631:0.000282167
,
QIA48622:0.000282167
):7.05417e-05
,
QIA48613:0.000352709
):0.000176354
):0.000723053
):0.0406659
,
(
(
QHR63299:0.00992012
,
(
QIS60580:0.00461105
,
(
(
QIQ49851:0.00183202
,
(
QIS61372:0.000845547
,
QIQ49901:0.000845547
):0.000986471
):0.00214606
,
(
QIS61048:0.00389436
,
(
QIO04366:0.00257944
,
(
QIQ49831:0.00178878
,
(
(
QIS61396:0.000978469
,
(
(
QIS61384:0.000140924
,
QIS30674:0.000140924
):0.00054766
,
(
QIQ50001:0.000709951
,
(
QIS61228:0.000640259
,
(
(
QIQ68543:0
,
QIQ49841:0
):0.000584687
,
(
QIK02963:0.000587881
,
(
QIQ50121:0.000471194
,
(
QIS61024:0.000378641
,
(
QIS60988:0.000333087
,
(
(
QIQ49821:7.04622e-05
,
QIH55220:7.04622e-05
):0.000175141
,
(
QIQ49861:0.000209357
,
(
QIQ50031:0.000277789
,
(
QIQ50011:0.000273729
,
(
QIS30494:0.00026561
,
(
QIS30334:0.00024937
,
(
QIS61348:0.000216891
,
(
QII87816:0.000151934
,
(
QIK02943:0.000162944
,
(
QIQ49891:0.000184963
,
(
QIQ49981:0.000193766
,
(
QIQ49951:0.000176153
,
(
QIQ50021:0.000211365
,
(
QIQ68523:0.000140916
,
(
QIQ68513:0.000140907
,
(
QIS30274:0.00014089
,
(
QIS30604:0.000140856
,
(
QIS61480:0.000140787
,
(
QIS60880:0.000140649
,
(
QIS60796:0.000140374
,
(
QIS60724:0.000139823
,
(
QIS61252:0.000138723
,
(
(
QIS61156:0
,
QIS61432:0
):0.000136521
,
(
QIS61000:0.000132117
,
(
QIS61420:0.000123309
,
(
(
QIS60676:0
,
QIS60928:0
):0.000105693
,
(
(
(
(
(
(
(
(
(
(
(
(
(
(
(
(
(
(
(
(
(
(
(
(
(
(
(
(
(
(
(
(
(
(
(
(
(
(
(
(
(
(
(
(
(
(
(
(
(
(
(
(
(
(
(
(
(
(
(
(
(
(
(
(
(
(
(
(
(
(
(
(
(
(
(
(
QIS60468:0
,
QIS60408:0
):0
,
QIS60418:0
):0
,
QIS60428:0
):0
,
QIS60438:0
):0
,
QIS60488:0
):0
,
QIS60498:0
):0
,
QIS60508:0
):0
,
QIS60520:0
):0
,
QIS60532:0
):0
,
QIS60688:0
):0
,
QIS60736:0
):0
,
QIS60338:0
):0
,
QIS61324:0
):0
,
QIS60348:0
):0
,
QIS60368:0
):0
,
QIS61360:0
):0
,
QIS60448:0
):0
,
QIS61408:0
):0
,
QIS61012:0
):0
,
QIS61036:0
):0
,
QIS61096:0
):0
,
QIS61144:0
):0
,
QIS61216:0
):0
,
QIS61264:0
):0
,
QIS61300:0
):0
,
QIS61312:0
):0
,
QIS60712:0
):0
,
QIS60298:0
):0
,
QIS61336:0
):0
,
QIS60358:0
):0
,
QIS60388:0
):0
,
QIS60772:0
):0
,
QIS60318:0
):0
,
QIS60378:0
):0
,
QIS60478:0
):0
,
QIS60952:0
):0
,
QIS60964:0
):0
,
QIS60976:0
):0
,
QIS60904:0
):0
,
QIS60328:0
):0
,
QIS60398:0
):0
,
QIS60458:0
):0
,
QIS60308:0
):0
,
QIS61492:0
):0
,
QIS61504:0
):0
,
QIS61564:0
):0
,
QIS30464:0
):0
,
QIS30514:0
):0
,
QIS30544:0
):0
,
QIS30214:0
):0
,
QIS30164:0
):0
,
QIS30174:0
):0
,
QIS30554:0
):0
,
QIS30254:0
):0
,
QIS30624:0
):0
,
QIS30484:0
):0
,
QIS30344:0
):0
,
QIS30374:0
):0
,
QIQ68463:0
):0
,
QIQ68493:0
):0
,
QIQ50041:0
):0
,
QIQ49961:0
):0
,
QIQ49991:0
):0
,
QIQ50131:0
):0
,
QIQ49791:0
):0
,
QIQ50051:0
):0
,
QIQ50061:0
):0
,
QIQ49881:0
):0
,
QIQ50151:0
):0
,
QIQ50161:0
):0
,
QIQ50091:0
):0
,
QIQ49911:0
):0
,
QIQ49931:0
):0
,
QII87804:0
):0
,
QII87792:0
):7.04622e-05
,
QIS60592:7.04622e-05
):3.52311e-05
):1.76156e-05
):8.80778e-06
):4.40389e-06
):2.20194e-06
):1.10097e-06
):5.50499e-07
):2.75235e-07
):1.37632e-07
):6.88015e-08
):3.44007e-08
):1.72004e-08
):8.61473e-09
):7.04493e-05
):-3.52118e-05
):1.76123e-05
):-8.80295e-06
):-2.20192e-05
):-1.10096e-05
):6.49575e-05
):3.24787e-05
):1.62394e-05
):8.11968e-06
):4.05984e-06
):-6.84323e-05
):3.62461e-05
):8.74843e-05
):4.55537e-05
):9.25528e-05
):0.000116687
):-3.19409e-06
):5.55723e-05
):6.96918e-05
):-2.13665e-05
):0.000289885
):6.83645e-05
,
(
(
QIS30114:0.000694819
,
(
QIQ08819:0.000495479
,
(
QIS30284:0.000383455
,
(
QIQ49781:0.000290346
,
(
QIS30124:0.000264852
,
(
QIU78717:0.000174912
,
(
QIS30084:0.0002089
,
(
(
QIS30414:0
,
QIS30664:0
):0.000145877
,
(
QIS30294:0.000150829
,
(
(
(
(
QIS30244:0
,
QIS30574:0
):0
,
QIS30074:0
):0
,
QIQ49801:0
):0.000160733
,
(
QIS30154:0.000180542
,
(
QIS60286:0.000202269
,
(
QIS60832:0.000158471
,
(
QIS60916:0.000176018
,
(
QIS60868:0.00020891
,
(
(
(
QIS60808:0
,
QIS30234:0
):0
,
QIQ50111:0
):0.000140374
,
(
QIS61204:0.000139823
,
(
(
QIS61108:0
,
QIS30104:0
):0.000138723
,
(
QIS61072:0.000136521
,
(
(
(
(
QIS60640:0
,
QIS61276:0
):0
,
QIS61540:0
):0
,
QIQ68503:0
):0.000132117
,
(
(
(
(
(
(
(
(
(
(
(
(
(
(
(
(
(
(
(
(
(
(
(
(
(
(
(
(
(
(
(
(
(
QIS61444:0
,
QIS61552:0
):0
,
QIS61120:0
):0
,
QIS61168:0
):0
,
QIS61180:0
):0
,
QIS61240:0
):0
,
QIS61288:0
):0
,
QIS60616:0
):0
,
QIS60628:0
):0
,
QIS60664:0
):0
,
QIS60892:0
):0
,
QIS60940:0
):0
,
QIS61516:0
):0
,
QIS30534:0
):0
,
QIS30614:0
):0
,
QIS30264:0
):0
,
QIS30194:0
):0
,
QIS30584:0
):0
,
QIS30364:0
):0
,
QIS30404:0
):0
,
QIS30444:0
):0
,
QIS30384:0
):0
,
QIS30094:0
):0
,
QIS30314:0
):0
,
QIQ68473:0
):0
,
QIQ68533:0
):0
,
QIQ50141:0
):0
,
QIQ49871:0
):0
,
QIQ50081:0
):0
,
QIQ50171:0
):0
,
QIQ49941:0
):0
,
QIQ49761:0
):0
,
QIQ49771:0
):0.000123309
,
(
QIT06925:0.000105693
,
(
QIT06877:7.04622e-05
,
(
(
(
(
(
(
(
(
(
(
(
(
(
QIT06949:0
,
QIT06961:0
):0
,
QIT06997:0
):0
,
QIS60760:0
):0
,
QIS61132:0
):0
,
QIS61192:0
):0
,
QIS30304:0
):0
,
QIS30434:0
):0
,
QIQ68483:0
):0
,
QIQ50071:0
):0
,
QIQ49971:0
):0
,
QIK50426:0
):0
,
QIU78777:0
):0
,
QIU78705:0
):7.04622e-05
):3.52311e-05
):1.76156e-05
):8.80778e-06
):4.40389e-06
):2.20194e-06
):1.10097e-06
):5.50499e-07
):6.85355e-05
):-3.28915e-05
):-1.75468e-05
):4.37981e-05
):-2.1727e-05
):-1.98089e-05
):-9.90444e-06
):-4.95222e-06
):6.30231e-05
):-3.39877e-05
):8.99402e-05
):2.54935e-05
):9.31094e-05
):0.000112024
):0.00019934
):0.000140997
,
(
QIS60274:0.000862505
,
(
QIJ96502:0.000616371
,
(
QIS30474:0.000669044
,
(
QHZ87591:0.000441576
,
(
QII57277:0.000459707
,
(
QHZ00388:0.00042559
,
(
QHZ00398:0.000428287
,
(
QIA98582:0.0004338
,
(
QHS34545:0.000444827
,
(
QIQ22758:0.000449248
,
(
(
(
(
QIS60544:0.000140924
,
QIS60856:0.000140924
):0
,
QIS30324:0.000140924
):0
,
QHZ87581:0.000140924
):0.000193909
,
(
(
QIT06973:7.04622e-05
,
QII57237:7.04622e-05
):0.000246859
,
(
QHO62876:0.000282399
,
(
QHR63269:0.00028295
,
(
QHR63289:0.000284051
,
(
QHU36823:0.000286253
,
(
(
QHW06048:0
,
QHW06038:0
):0.000290657
,
(
QHZ00378:0.000299465
,
(
QIC53203:0.00031708
,
(
QIE07480:0.000281574
,
(
QIE07460:0.000281849
,
(
QIS61084:0.000281849
,
(
(
QIT06913:0
,
QII87780:0
):0.000281845
,
(
QHN73809:0.000140925
,
(
QHQ71972:0.000140925
,
(
QHQ71962:0.000140925
,
(
QHR63249:0.000140925
,
(
QHU36863:0.000140926
,
(
QHU36843:0.000140928
,
(
QHW06058:0.000140931
,
(
QIA98605:0.000140938
,
(
QID21067:0.000140951
,
(
QID98793:0.000140977
,
(
QIE07470:0.000141029
,
(
(
(
(
QIH45022:0
,
QIH45032:0
):0
,
QIH45042:0
):0
,
QIH45052:0
):0.000141134
,
(
QII57177:0.000141343
,
(
QIA98553:0.000140927
,
(
QII57187:0.000142599
,
(
QII57165:0.000144273
,
(
QII57317:0.000147622
,
(
QII57287:0.00015432
,
(
QII57167:0.000167715
,
(
QII57267:0.000194506
,
(
QIJ96522:0.000175299
,
(
QIJ96492:0.000209673
,
(
QIJ96472:0.000146803
,
(
QIK02953:0.000152683
,
(
(
QIK50437:0
,
QIK50447:0
):0.000164441
,
(
(
(
(
(
(
QIQ08789:0
,
QIQ08829:0
):0
,
QIM47466:0
):0
,
QIU78729:0
):0
,
QIU78765:0
):0
,
QIU78753:0
):0.000187957
,
(
QIQ49811:0.000227007
,
(
QIQ68653:0.000188129
,
(
QIS29992:0.000164871
,
(
(
(
QIS30040:0
,
QIS30004:0
):0
,
QIS30016:0
):0.000188817
,
(
QIS29980:0.000236709
,
(
QIS30654:0.000182761
,
(
QIS30064:0.000154136
,
(
QIS60784:0.000167348
,
(
QIS60568:0.000123309
,
(
(
(
(
(
(
(
QIT06937:0
,
QIT06985:0
):0
,
QIJ96512:0
):0
,
QIG55993:0
):0
,
QIA20042:0
):0
,
QHQ82463:0
):0
,
QIU78741:0
):0.000105693
,
(
(
(
(
(
(
(
(
(
(
(
(
(
(
(
(
(
(
(
(
(
(
(
(
(
(
(
(
(
(
(
(
(
(
(
(
(
(
(
(
(
(
(
(
(
(
(
(
(
(
YP_009724389:0
,
QIS30028:0
):0
,
QIQ68643:0
):0
,
QIQ68663:0
):0
,
QIQ68633:0
):0
,
QIQ68673:0
):0
,
QIQ68553:0
):0
,
QIQ68563:0
):0
,
QIQ68573:0
):0
,
QIQ68583:0
):0
,
QIQ68593:0
):0
,
QIQ68603:0
):0
,
QIQ68613:0
):0
,
QIQ68623:0
):0
,
QIQ68683:0
):0
,
QIQ68693:0
):0
,
QIQ50191:0
):0
,
QIQ50181:0
):0
,
QIK50416:0
):0
,
QIJ96482:0
):0
,
QIJ96462:0
):0
,
QII57217:0
):0
,
QII57337:0
):0
,
QII57227:0
):0
,
QII57307:0
):0
,
QII57207:0
):0
,
QII57297:0
):0
,
QII57327:0
):0
,
QII57197:0
):0
,
QII57257:0
):0
,
QII57247:0
):0
,
QIE07450:0
):0
,
QID21057:0
):0
,
QID21047:0
):0
,
QIC53222:0
):0
,
QIB84672:0
):0
,
QIA98595:0
):0
,
QHZ00357:0
):0
,
QHU79203:0
):0
,
QHU36853:0
):0
,
QHU36833:0
):0
,
QHU79193:0
):0
,
QHR84448:0
):0
,
QHR63259:0
):0
,
QHR63279:0
):0
,
QHO62111:0
):0
,
QHO62106:0
):0
,
QHN73794:0
):0
,
QHO60603:0
):0
,
QHD43415:0
):7.04622e-05
,
(
QIT06889:0
,
QIT06901:0
):7.04622e-05
):3.52311e-05
):1.76156e-05
):4.40389e-05
):-1.32117e-05
):2.86253e-05
):5.39476e-05
):-4.78923e-05
):-2.39461e-05
):2.3258e-05
):3.88781e-05
):-3.90501e-05
):-2.35161e-05
):-1.1758e-05
):-5.87903e-06
):6.28694e-05
):-3.43742e-05
):1.92074e-05
):-2.67908e-05
):-1.33954e-05
):-6.69769e-06
):-3.34886e-06
):-1.67443e-06
):-1.67202e-06
):4.16214e-07
):-2.09315e-07
):-1.04657e-07
):-5.23287e-08
):-2.61643e-08
):-1.30676e-08
):-6.54836e-09
):-3.25963e-09
):-1.62981e-09
):-8.14907e-10
):-4.07454e-10
):-2.03727e-10
):-1.16415e-10
):0.00014092
):4.36557e-09
):0
):-2.75264e-07
):3.55064e-05
):-1.76156e-05
):-8.80781e-06
):-4.40388e-06
):-2.20194e-06
):-1.101e-06
):-5.5047e-07
):3.49215e-05
):1.75124e-05
):0.000114415
):-4.42108e-06
):-1.10269e-05
):-5.51349e-06
):-2.69676e-06
):3.41167e-05
):-1.81308e-05
):0.000227468
):-5.26729e-05
):0.000246134
):-2.66893e-05
):0.000211018
):0.000741951
):0.000790655
):0.00131492
):8.37129e-05
):0.000632981
):0.00530906
):0.0145442
,
(
AVP78041:0.00855728
,
AVP78030:0.00855728
):0.015907
):0.0174537
):0.0279983
):0.00857147
):0.196172
):0.0243066
):0.0104914
):0.0194415
):0.0311223
):0.0074842
):0.0256621
)
;
